{"/Users/allisongattone/Documents/GitHub/ideaforge/src/App.tsx": {"path":"/Users/allisongattone/Documents/GitHub/ideaforge/src/App.tsx","statementMap":{"0":{"start":{"line":1,"column":0},"end":{"line":1,"column":80}},"1":{"start":{"line":2,"column":0},"end":{"line":2,"column":48}},"2":{"start":{"line":3,"column":0},"end":{"line":3,"column":75}},"3":{"start":{"line":4,"column":0},"end":{"line":4,"column":59}},"4":{"start":{"line":5,"column":0},"end":{"line":5,"column":39}},"5":{"start":{"line":6,"column":0},"end":{"line":6,"column":41}},"6":{"start":{"line":7,"column":0},"end":{"line":7,"column":47}},"7":{"start":{"line":9,"column":0},"end":{"line":9,"column":70}},"8":{"start":{"line":14,"column":0},"end":{"line":14,"column":44}},"9":{"start":{"line":17,"column":21},"end":{"line":17,"column":67}},"10":{"start":{"line":17,"column":31},"end":{"line":17,"column":66}},"11":{"start":{"line":18,"column":25},"end":{"line":18,"column":76}},"12":{"start":{"line":18,"column":35},"end":{"line":18,"column":75}},"13":{"start":{"line":21,"column":20},"end":{"line":21,"column":66}},"14":{"start":{"line":21,"column":30},"end":{"line":21,"column":65}},"15":{"start":{"line":22,"column":18},"end":{"line":22,"column":62}},"16":{"start":{"line":22,"column":28},"end":{"line":22,"column":61}},"17":{"start":{"line":23,"column":17},"end":{"line":23,"column":60}},"18":{"start":{"line":23,"column":27},"end":{"line":23,"column":59}},"19":{"start":{"line":24,"column":19},"end":{"line":24,"column":64}},"20":{"start":{"line":24,"column":29},"end":{"line":24,"column":63}},"21":{"start":{"line":25,"column":22},"end":{"line":25,"column":70}},"22":{"start":{"line":25,"column":32},"end":{"line":25,"column":69}},"23":{"start":{"line":26,"column":21},"end":{"line":26,"column":68}},"24":{"start":{"line":26,"column":31},"end":{"line":26,"column":67}},"25":{"start":{"line":28,"column":22},"end":{"line":364,"column":1}},"26":{"start":{"line":30,"column":32},"end":{"line":30,"column":60}},"27":{"start":{"line":31,"column":38},"end":{"line":31,"column":65}},"28":{"start":{"line":34,"column":44},"end":{"line":34,"column":76}},"29":{"start":{"line":35,"column":56},"end":{"line":35,"column":71}},"30":{"start":{"line":36,"column":54},"end":{"line":36,"column":69}},"31":{"start":{"line":37,"column":58},"end":{"line":37,"column":73}},"32":{"start":{"line":38,"column":46},"end":{"line":38,"column":61}},"33":{"start":{"line":41,"column":58},"end":{"line":41,"column":68}},"34":{"start":{"line":49,"column":6},"end":{"line":49,"column":26}},"35":{"start":{"line":50,"column":23},"end":{"line":50,"column":44}},"36":{"start":{"line":53,"column":2},"end":{"line":56,"column":9}},"37":{"start":{"line":54,"column":4},"end":{"line":54,"column":56}},"38":{"start":{"line":55,"column":4},"end":{"line":55,"column":68}},"39":{"start":{"line":58,"column":2},"end":{"line":63,"column":9}},"40":{"start":{"line":59,"column":4},"end":{"line":62,"column":5}},"41":{"start":{"line":60,"column":6},"end":{"line":60,"column":30}},"42":{"start":{"line":61,"column":6},"end":{"line":61,"column":59}},"43":{"start":{"line":66,"column":36},"end":{"line":69,"column":3}},"44":{"start":{"line":67,"column":4},"end":{"line":67,"column":50}},"45":{"start":{"line":68,"column":4},"end":{"line":68,"column":37}},"46":{"start":{"line":71,"column":26},"end":{"line":76,"column":null}},"47":{"start":{"line":73,"column":48},"end":{"line":73,"column":90}},"48":{"start":{"line":74,"column":6},"end":{"line":74,"column":67}},"49":{"start":{"line":74,"column":36},"end":{"line":74,"column":65}},"50":{"start":{"line":79,"column":30},"end":{"line":81,"column":8}},"51":{"start":{"line":80,"column":4},"end":{"line":80,"column":70}},"52":{"start":{"line":80,"column":34},"end":{"line":80,"column":68}},"53":{"start":{"line":80,"column":56},"end":{"line":80,"column":67}},"54":{"start":{"line":83,"column":27},"end":{"line":83,"column":61}},"55":{"start":{"line":83,"column":33},"end":{"line":83,"column":61}},"56":{"start":{"line":85,"column":24},"end":{"line":95,"column":3}},"57":{"start":{"line":86,"column":26},"end":{"line":86,"column":67}},"58":{"start":{"line":87,"column":4},"end":{"line":94,"column":5}},"59":{"start":{"line":89,"column":6},"end":{"line":89,"column":29}},"60":{"start":{"line":90,"column":6},"end":{"line":90,"column":95}},"61":{"start":{"line":92,"column":6},"end":{"line":92,"column":86}},"62":{"start":{"line":93,"column":6},"end":{"line":93,"column":35}},"63":{"start":{"line":97,"column":50},"end":{"line":97,"column":79}},"64":{"start":{"line":98,"column":25},"end":{"line":98,"column":80}},"65":{"start":{"line":98,"column":46},"end":{"line":98,"column":71}},"66":{"start":{"line":101,"column":31},"end":{"line":105,"column":8}},"67":{"start":{"line":102,"column":4},"end":{"line":102,"column":30}},"68":{"start":{"line":103,"column":4},"end":{"line":103,"column":24}},"69":{"start":{"line":104,"column":4},"end":{"line":104,"column":33}},"70":{"start":{"line":108,"column":30},"end":{"line":116,"column":39}},"71":{"start":{"line":109,"column":4},"end":{"line":113,"column":5}},"72":{"start":{"line":110,"column":6},"end":{"line":110,"column":90}},"73":{"start":{"line":111,"column":6},"end":{"line":111,"column":35}},"74":{"start":{"line":112,"column":6},"end":{"line":112,"column":13}},"75":{"start":{"line":114,"column":4},"end":{"line":114,"column":24}},"76":{"start":{"line":115,"column":4},"end":{"line":115,"column":29}},"77":{"start":{"line":118,"column":25},"end":{"line":121,"column":8}},"78":{"start":{"line":119,"column":4},"end":{"line":119,"column":24}},"79":{"start":{"line":120,"column":4},"end":{"line":120,"column":29}},"80":{"start":{"line":124,"column":30},"end":{"line":142,"column":null}},"81":{"start":{"line":126,"column":34},"end":{"line":134,"column":8}},"82":{"start":{"line":135,"column":30},"end":{"line":135,"column":55}},"83":{"start":{"line":136,"column":6},"end":{"line":136,"column":54}},"84":{"start":{"line":137,"column":6},"end":{"line":137,"column":56}},"85":{"start":{"line":138,"column":6},"end":{"line":138,"column":41}},"86":{"start":{"line":139,"column":6},"end":{"line":139,"column":29}},"87":{"start":{"line":140,"column":6},"end":{"line":140,"column":93}},"88":{"start":{"line":146,"column":30},"end":{"line":155,"column":null}},"89":{"start":{"line":148,"column":30},"end":{"line":149,"column":null}},"90":{"start":{"line":149,"column":8},"end":{"line":149,"column":55}},"91":{"start":{"line":151,"column":6},"end":{"line":151,"column":54}},"92":{"start":{"line":152,"column":6},"end":{"line":152,"column":56}},"93":{"start":{"line":153,"column":6},"end":{"line":153,"column":45}},"94":{"start":{"line":159,"column":30},"end":{"line":168,"column":null}},"95":{"start":{"line":161,"column":30},"end":{"line":161,"column":72}},"96":{"start":{"line":161,"column":53},"end":{"line":161,"column":71}},"97":{"start":{"line":162,"column":6},"end":{"line":162,"column":54}},"98":{"start":{"line":163,"column":6},"end":{"line":163,"column":56}},"99":{"start":{"line":164,"column":6},"end":{"line":164,"column":32}},"100":{"start":{"line":165,"column":6},"end":{"line":165,"column":35}},"101":{"start":{"line":166,"column":6},"end":{"line":166,"column":75}},"102":{"start":{"line":172,"column":25},"end":{"line":178,"column":null}},"103":{"start":{"line":174,"column":6},"end":{"line":174,"column":42}},"104":{"start":{"line":175,"column":6},"end":{"line":175,"column":26}},"105":{"start":{"line":176,"column":6},"end":{"line":176,"column":29}},"106":{"start":{"line":182,"column":21},"end":{"line":246,"column":3}},"107":{"start":{"line":183,"column":4},"end":{"line":245,"column":5}},"108":{"start":{"line":185,"column":8},"end":{"line":187,"column":10}},"109":{"start":{"line":189,"column":8},"end":{"line":205,"column":10}},"110":{"start":{"line":194,"column":14},"end":{"line":194,"column":46}},"111":{"start":{"line":195,"column":14},"end":{"line":195,"column":37}},"112":{"start":{"line":201,"column":14},"end":{"line":201,"column":46}},"113":{"start":{"line":202,"column":14},"end":{"line":202,"column":39}},"114":{"start":{"line":207,"column":8},"end":{"line":210,"column":9}},"115":{"start":{"line":208,"column":10},"end":{"line":208,"column":33}},"116":{"start":{"line":209,"column":10},"end":{"line":209,"column":22}},"117":{"start":{"line":211,"column":8},"end":{"line":221,"column":10}},"118":{"start":{"line":223,"column":8},"end":{"line":226,"column":9}},"119":{"start":{"line":224,"column":10},"end":{"line":224,"column":33}},"120":{"start":{"line":225,"column":10},"end":{"line":225,"column":22}},"121":{"start":{"line":227,"column":8},"end":{"line":236,"column":10}},"122":{"start":{"line":238,"column":8},"end":{"line":244,"column":10}},"123":{"start":{"line":249,"column":28},"end":{"line":249,"column":88}},"124":{"start":{"line":249,"column":54},"end":{"line":249,"column":87}},"125":{"start":{"line":252,"column":2},"end":{"line":363,"column":4}},"126":{"start":{"line":294,"column":31},"end":{"line":294,"column":59}},"127":{"start":{"line":306,"column":31},"end":{"line":306,"column":58}},"128":{"start":{"line":322,"column":25},"end":{"line":322,"column":54}},"129":{"start":{"line":325,"column":47},"end":{"line":325,"column":62}},"130":{"start":{"line":335,"column":25},"end":{"line":335,"column":53}},"131":{"start":{"line":342,"column":27},"end":{"line":342,"column":51}},"132":{"start":{"line":353,"column":31},"end":{"line":353,"column":55}},"133":{"start":{"line":366,"column":0},"end":{"line":366,"column":19}}},"fnMap":{"0":{"name":"(anonymous_10)","decl":{"start":{"line":17,"column":26},"end":{"line":17,"column":29}},"loc":{"start":{"line":17,"column":31},"end":{"line":17,"column":66}}},"1":{"name":"(anonymous_11)","decl":{"start":{"line":17,"column":31},"end":{"line":17,"column":39}},"loc":{"start":{"line":17,"column":31},"end":{"line":17,"column":66}}},"2":{"name":"(anonymous_12)","decl":{"start":{"line":18,"column":30},"end":{"line":18,"column":33}},"loc":{"start":{"line":18,"column":35},"end":{"line":18,"column":75}}},"3":{"name":"(anonymous_13)","decl":{"start":{"line":18,"column":35},"end":{"line":18,"column":43}},"loc":{"start":{"line":18,"column":35},"end":{"line":18,"column":75}}},"4":{"name":"(anonymous_14)","decl":{"start":{"line":21,"column":25},"end":{"line":21,"column":28}},"loc":{"start":{"line":21,"column":30},"end":{"line":21,"column":65}}},"5":{"name":"(anonymous_15)","decl":{"start":{"line":21,"column":30},"end":{"line":21,"column":38}},"loc":{"start":{"line":21,"column":30},"end":{"line":21,"column":65}}},"6":{"name":"(anonymous_16)","decl":{"start":{"line":22,"column":23},"end":{"line":22,"column":26}},"loc":{"start":{"line":22,"column":28},"end":{"line":22,"column":61}}},"7":{"name":"(anonymous_17)","decl":{"start":{"line":22,"column":28},"end":{"line":22,"column":36}},"loc":{"start":{"line":22,"column":28},"end":{"line":22,"column":61}}},"8":{"name":"(anonymous_18)","decl":{"start":{"line":23,"column":22},"end":{"line":23,"column":25}},"loc":{"start":{"line":23,"column":27},"end":{"line":23,"column":59}}},"9":{"name":"(anonymous_19)","decl":{"start":{"line":23,"column":27},"end":{"line":23,"column":35}},"loc":{"start":{"line":23,"column":27},"end":{"line":23,"column":59}}},"10":{"name":"(anonymous_20)","decl":{"start":{"line":24,"column":24},"end":{"line":24,"column":27}},"loc":{"start":{"line":24,"column":29},"end":{"line":24,"column":63}}},"11":{"name":"(anonymous_21)","decl":{"start":{"line":24,"column":29},"end":{"line":24,"column":37}},"loc":{"start":{"line":24,"column":29},"end":{"line":24,"column":63}}},"12":{"name":"(anonymous_22)","decl":{"start":{"line":25,"column":27},"end":{"line":25,"column":30}},"loc":{"start":{"line":25,"column":32},"end":{"line":25,"column":69}}},"13":{"name":"(anonymous_23)","decl":{"start":{"line":25,"column":32},"end":{"line":25,"column":40}},"loc":{"start":{"line":25,"column":32},"end":{"line":25,"column":69}}},"14":{"name":"(anonymous_24)","decl":{"start":{"line":26,"column":26},"end":{"line":26,"column":29}},"loc":{"start":{"line":26,"column":31},"end":{"line":26,"column":67}}},"15":{"name":"(anonymous_25)","decl":{"start":{"line":26,"column":31},"end":{"line":26,"column":39}},"loc":{"start":{"line":26,"column":31},"end":{"line":26,"column":67}}},"16":{"name":"(anonymous_26)","decl":{"start":{"line":28,"column":22},"end":{"line":28,"column":25}},"loc":{"start":{"line":28,"column":27},"end":{"line":364,"column":1}}},"17":{"name":"(anonymous_27)","decl":{"start":{"line":53,"column":12},"end":{"line":53,"column":15}},"loc":{"start":{"line":53,"column":17},"end":{"line":56,"column":3}}},"18":{"name":"(anonymous_28)","decl":{"start":{"line":58,"column":12},"end":{"line":58,"column":15}},"loc":{"start":{"line":58,"column":17},"end":{"line":63,"column":3}}},"19":{"name":"(anonymous_29)","decl":{"start":{"line":66,"column":36},"end":{"line":66,"column":37}},"loc":{"start":{"line":66,"column":57},"end":{"line":69,"column":3}}},"20":{"name":"(anonymous_30)","decl":{"start":{"line":72,"column":4},"end":{"line":72,"column":5}},"loc":{"start":{"line":72,"column":65},"end":{"line":75,"column":5}}},"21":{"name":"(anonymous_31)","decl":{"start":{"line":74,"column":23},"end":{"line":74,"column":24}},"loc":{"start":{"line":74,"column":36},"end":{"line":74,"column":65}}},"22":{"name":"(anonymous_32)","decl":{"start":{"line":79,"column":42},"end":{"line":79,"column":43}},"loc":{"start":{"line":79,"column":57},"end":{"line":81,"column":3}}},"23":{"name":"(anonymous_33)","decl":{"start":{"line":80,"column":21},"end":{"line":80,"column":22}},"loc":{"start":{"line":80,"column":34},"end":{"line":80,"column":68}}},"24":{"name":"(anonymous_34)","decl":{"start":{"line":80,"column":49},"end":{"line":80,"column":50}},"loc":{"start":{"line":80,"column":56},"end":{"line":80,"column":67}}},"25":{"name":"(anonymous_35)","decl":{"start":{"line":83,"column":27},"end":{"line":83,"column":30}},"loc":{"start":{"line":83,"column":33},"end":{"line":83,"column":61}}},"26":{"name":"(anonymous_36)","decl":{"start":{"line":85,"column":24},"end":{"line":85,"column":27}},"loc":{"start":{"line":85,"column":29},"end":{"line":95,"column":3}}},"27":{"name":"(anonymous_37)","decl":{"start":{"line":98,"column":39},"end":{"line":98,"column":40}},"loc":{"start":{"line":98,"column":46},"end":{"line":98,"column":71}}},"28":{"name":"(anonymous_38)","decl":{"start":{"line":101,"column":43},"end":{"line":101,"column":46}},"loc":{"start":{"line":101,"column":48},"end":{"line":105,"column":3}}},"29":{"name":"(anonymous_39)","decl":{"start":{"line":108,"column":42},"end":{"line":108,"column":45}},"loc":{"start":{"line":108,"column":47},"end":{"line":116,"column":3}}},"30":{"name":"(anonymous_40)","decl":{"start":{"line":118,"column":37},"end":{"line":118,"column":38}},"loc":{"start":{"line":118,"column":52},"end":{"line":121,"column":3}}},"31":{"name":"(anonymous_41)","decl":{"start":{"line":125,"column":4},"end":{"line":125,"column":5}},"loc":{"start":{"line":125,"column":28},"end":{"line":141,"column":5}}},"32":{"name":"(anonymous_42)","decl":{"start":{"line":147,"column":4},"end":{"line":147,"column":5}},"loc":{"start":{"line":147,"column":32},"end":{"line":154,"column":5}}},"33":{"name":"(anonymous_43)","decl":{"start":{"line":148,"column":43},"end":{"line":148,"column":44}},"loc":{"start":{"line":149,"column":8},"end":{"line":149,"column":55}}},"34":{"name":"(anonymous_44)","decl":{"start":{"line":160,"column":4},"end":{"line":160,"column":5}},"loc":{"start":{"line":160,"column":26},"end":{"line":167,"column":5}}},"35":{"name":"(anonymous_45)","decl":{"start":{"line":161,"column":46},"end":{"line":161,"column":47}},"loc":{"start":{"line":161,"column":53},"end":{"line":161,"column":71}}},"36":{"name":"(anonymous_46)","decl":{"start":{"line":173,"column":4},"end":{"line":173,"column":5}},"loc":{"start":{"line":173,"column":32},"end":{"line":177,"column":5}}},"37":{"name":"(anonymous_47)","decl":{"start":{"line":182,"column":21},"end":{"line":182,"column":24}},"loc":{"start":{"line":182,"column":26},"end":{"line":246,"column":3}}},"38":{"name":"(anonymous_48)","decl":{"start":{"line":193,"column":31},"end":{"line":193,"column":32}},"loc":{"start":{"line":193,"column":43},"end":{"line":196,"column":13}}},"39":{"name":"(anonymous_49)","decl":{"start":{"line":200,"column":28},"end":{"line":200,"column":29}},"loc":{"start":{"line":200,"column":40},"end":{"line":203,"column":13}}},"40":{"name":"(anonymous_50)","decl":{"start":{"line":249,"column":48},"end":{"line":249,"column":51}},"loc":{"start":{"line":249,"column":54},"end":{"line":249,"column":87}}},"41":{"name":"(anonymous_51)","decl":{"start":{"line":294,"column":25},"end":{"line":294,"column":28}},"loc":{"start":{"line":294,"column":31},"end":{"line":294,"column":59}}},"42":{"name":"(anonymous_52)","decl":{"start":{"line":306,"column":25},"end":{"line":306,"column":28}},"loc":{"start":{"line":306,"column":31},"end":{"line":306,"column":58}}},"43":{"name":"(anonymous_53)","decl":{"start":{"line":322,"column":19},"end":{"line":322,"column":22}},"loc":{"start":{"line":322,"column":25},"end":{"line":322,"column":54}}},"44":{"name":"(anonymous_54)","decl":{"start":{"line":325,"column":25},"end":{"line":325,"column":26}},"loc":{"start":{"line":325,"column":47},"end":{"line":325,"column":62}}},"45":{"name":"(anonymous_55)","decl":{"start":{"line":335,"column":19},"end":{"line":335,"column":22}},"loc":{"start":{"line":335,"column":25},"end":{"line":335,"column":53}}},"46":{"name":"(anonymous_56)","decl":{"start":{"line":342,"column":21},"end":{"line":342,"column":24}},"loc":{"start":{"line":342,"column":27},"end":{"line":342,"column":51}}},"47":{"name":"(anonymous_57)","decl":{"start":{"line":353,"column":25},"end":{"line":353,"column":28}},"loc":{"start":{"line":353,"column":31},"end":{"line":353,"column":55}}}},"branchMap":{"0":{"loc":{"start":{"line":59,"column":4},"end":{"line":62,"column":5}},"type":"if","locations":[{"start":{"line":59,"column":4},"end":{"line":62,"column":5}},{"start":{},"end":{}}]},"1":{"loc":{"start":{"line":72,"column":22},"end":{"line":72,"column":61}},"type":"default-arg","locations":[{"start":{"line":72,"column":55},"end":{"line":72,"column":61}}]},"2":{"loc":{"start":{"line":87,"column":4},"end":{"line":94,"column":5}},"type":"if","locations":[{"start":{"line":87,"column":4},"end":{"line":94,"column":5}},{"start":{"line":91,"column":11},"end":{"line":94,"column":5}}]},"3":{"loc":{"start":{"line":98,"column":25},"end":{"line":98,"column":80}},"type":"binary-expr","locations":[{"start":{"line":98,"column":25},"end":{"line":98,"column":72}},{"start":{"line":98,"column":76},"end":{"line":98,"column":80}}]},"4":{"loc":{"start":{"line":109,"column":4},"end":{"line":113,"column":5}},"type":"if","locations":[{"start":{"line":109,"column":4},"end":{"line":113,"column":5}},{"start":{},"end":{}}]},"5":{"loc":{"start":{"line":149,"column":8},"end":{"line":149,"column":55}},"type":"cond-expr","locations":[{"start":{"line":149,"column":37},"end":{"line":149,"column":51}},{"start":{"line":149,"column":54},"end":{"line":149,"column":55}}]},"6":{"loc":{"start":{"line":183,"column":4},"end":{"line":245,"column":5}},"type":"switch","locations":[{"start":{"line":184,"column":6},"end":{"line":187,"column":10}},{"start":{"line":188,"column":6},"end":{"line":205,"column":10}},{"start":{"line":206,"column":6},"end":{"line":221,"column":10}},{"start":{"line":222,"column":6},"end":{"line":236,"column":10}},{"start":{"line":237,"column":6},"end":{"line":244,"column":10}}]},"7":{"loc":{"start":{"line":207,"column":8},"end":{"line":210,"column":9}},"type":"if","locations":[{"start":{"line":207,"column":8},"end":{"line":210,"column":9}},{"start":{},"end":{}}]},"8":{"loc":{"start":{"line":223,"column":8},"end":{"line":226,"column":9}},"type":"if","locations":[{"start":{"line":223,"column":8},"end":{"line":226,"column":9}},{"start":{},"end":{}}]},"9":{"loc":{"start":{"line":229,"column":31},"end":{"line":229,"column":54}},"type":"binary-expr","locations":[{"start":{"line":229,"column":31},"end":{"line":229,"column":45}},{"start":{"line":229,"column":49},"end":{"line":229,"column":54}}]},"10":{"loc":{"start":{"line":287,"column":9},"end":{"line":313,"column":null}},"type":"binary-expr","locations":[{"start":{"line":287,"column":9},"end":{"line":287,"column":30}},{"start":{"line":288,"column":10},"end":{"line":312,"column":null}}]},"11":{"loc":{"start":{"line":339,"column":9},"end":{"line":359,"column":null}},"type":"binary-expr","locations":[{"start":{"line":339,"column":9},"end":{"line":339,"column":23}},{"start":{"line":340,"column":10},"end":{"line":358,"column":null}}]}},"s":{"0":1,"1":1,"2":1,"3":1,"4":1,"5":1,"6":1,"7":1,"8":1,"9":1,"10":0,"11":1,"12":0,"13":1,"14":0,"15":1,"16":0,"17":1,"18":0,"19":1,"20":0,"21":1,"22":0,"23":1,"24":0,"25":1,"26":21,"27":20,"28":20,"29":20,"30":20,"31":20,"32":20,"33":20,"34":20,"35":0,"36":0,"37":0,"38":0,"39":0,"40":0,"41":0,"42":0,"43":0,"44":0,"45":0,"46":0,"47":0,"48":0,"49":0,"50":0,"51":0,"52":0,"53":0,"54":0,"55":0,"56":0,"57":0,"58":0,"59":0,"60":0,"61":0,"62":0,"63":0,"64":0,"65":0,"66":0,"67":0,"68":0,"69":0,"70":0,"71":0,"72":0,"73":0,"74":0,"75":0,"76":0,"77":0,"78":0,"79":0,"80":0,"81":0,"82":0,"83":0,"84":0,"85":0,"86":0,"87":0,"88":0,"89":0,"90":0,"91":0,"92":0,"93":0,"94":0,"95":0,"96":0,"97":0,"98":0,"99":0,"100":0,"101":0,"102":0,"103":0,"104":0,"105":0,"106":0,"107":0,"108":0,"109":0,"110":0,"111":0,"112":0,"113":0,"114":0,"115":0,"116":0,"117":0,"118":0,"119":0,"120":0,"121":0,"122":0,"123":0,"124":0,"125":0,"126":0,"127":0,"128":0,"129":0,"130":0,"131":0,"132":0,"133":1},"f":{"0":0,"1":0,"2":0,"3":0,"4":0,"5":0,"6":0,"7":0,"8":0,"9":0,"10":0,"11":0,"12":0,"13":0,"14":0,"15":0,"16":21,"17":0,"18":0,"19":0,"20":0,"21":0,"22":0,"23":0,"24":0,"25":0,"26":0,"27":0,"28":0,"29":0,"30":0,"31":0,"32":0,"33":0,"34":0,"35":0,"36":0,"37":0,"38":0,"39":0,"40":0,"41":0,"42":0,"43":0,"44":0,"45":0,"46":0,"47":0},"b":{"0":[0,0],"1":[0],"2":[0,0],"3":[0,0],"4":[0,0],"5":[0,0],"6":[0,0,0,0,0],"7":[0,0],"8":[0,0],"9":[0,0],"10":[0,0],"11":[0,0]}}
,"/Users/allisongattone/Documents/GitHub/ideaforge/src/components/AppHeader.tsx": {"path":"/Users/allisongattone/Documents/GitHub/ideaforge/src/components/AppHeader.tsx","statementMap":{"0":{"start":{"line":1,"column":0},"end":{"line":1,"column":26}},"1":{"start":{"line":2,"column":0},"end":{"line":2,"column":44}},"2":{"start":{"line":3,"column":0},"end":{"line":3,"column":30}},"3":{"start":{"line":4,"column":0},"end":{"line":4,"column":44}},"4":{"start":{"line":6,"column":28},"end":{"line":23,"column":1}},"5":{"start":{"line":7,"column":41},"end":{"line":7,"column":51}},"6":{"start":{"line":9,"column":22},"end":{"line":11,"column":3}},"7":{"start":{"line":10,"column":4},"end":{"line":10,"column":62}},"8":{"start":{"line":13,"column":15},"end":{"line":13,"column":64}},"9":{"start":{"line":15,"column":2},"end":{"line":22,"column":4}},"10":{"start":{"line":25,"column":0},"end":{"line":25,"column":25}}},"fnMap":{"0":{"name":"(anonymous_1)","decl":{"start":{"line":6,"column":28},"end":{"line":6,"column":31}},"loc":{"start":{"line":6,"column":33},"end":{"line":23,"column":1}}},"1":{"name":"(anonymous_2)","decl":{"start":{"line":9,"column":22},"end":{"line":9,"column":25}},"loc":{"start":{"line":9,"column":27},"end":{"line":11,"column":3}}}},"branchMap":{"0":{"loc":{"start":{"line":10,"column":13},"end":{"line":10,"column":60}},"type":"cond-expr","locations":[{"start":{"line":10,"column":44},"end":{"line":10,"column":50}},{"start":{"line":10,"column":53},"end":{"line":10,"column":60}}]},"1":{"loc":{"start":{"line":13,"column":15},"end":{"line":13,"column":64}},"type":"cond-expr","locations":[{"start":{"line":13,"column":46},"end":{"line":13,"column":54}},{"start":{"line":13,"column":57},"end":{"line":13,"column":64}}]}},"s":{"0":1,"1":1,"2":1,"3":1,"4":1,"5":0,"6":0,"7":0,"8":0,"9":0,"10":1},"f":{"0":0,"1":0},"b":{"0":[0,0],"1":[0,0]}}
,"/Users/allisongattone/Documents/GitHub/ideaforge/src/components/Button.tsx": {"path":"/Users/allisongattone/Documents/GitHub/ideaforge/src/components/Button.tsx","statementMap":{"0":{"start":{"line":1,"column":0},"end":{"line":1,"column":26}},"1":{"start":{"line":2,"column":0},"end":{"line":2,"column":39}},"2":{"start":{"line":14,"column":38},"end":{"line":134,"column":1}},"3":{"start":{"line":26,"column":20},"end":{"line":32,"column":4}},"4":{"start":{"line":34,"column":24},"end":{"line":65,"column":4}},"5":{"start":{"line":67,"column":21},"end":{"line":73,"column":4}},"6":{"start":{"line":75,"column":28},"end":{"line":75,"column":74}},"7":{"start":{"line":77,"column":22},"end":{"line":82,"column":8}},"8":{"start":{"line":84,"column":25},"end":{"line":84,"column":46}},"9":{"start":{"line":86,"column":2},"end":{"line":133,"column":4}},"10":{"start":{"line":136,"column":0},"end":{"line":136,"column":22}},"11":{"start":{"line":138,"column":51},"end":{"line":144,"column":null}},"12":{"start":{"line":139,"column":2},"end":{"line":143,"column":null}},"13":{"start":{"line":138,"column":13},"end":{"line":138,"column":51}}},"fnMap":{"0":{"name":"(anonymous_1)","decl":{"start":{"line":14,"column":38},"end":{"line":14,"column":39}},"loc":{"start":{"line":25,"column":5},"end":{"line":134,"column":1}}},"1":{"name":"(anonymous_2)","decl":{"start":{"line":138,"column":51},"end":{"line":138,"column":52}},"loc":{"start":{"line":139,"column":2},"end":{"line":143,"column":null}}}},"branchMap":{"0":{"loc":{"start":{"line":16,"column":2},"end":{"line":16,"column":16}},"type":"default-arg","locations":[{"start":{"line":16,"column":14},"end":{"line":16,"column":16}}]},"1":{"loc":{"start":{"line":17,"column":2},"end":{"line":17,"column":21}},"type":"default-arg","locations":[{"start":{"line":17,"column":12},"end":{"line":17,"column":21}}]},"2":{"loc":{"start":{"line":18,"column":2},"end":{"line":18,"column":13}},"type":"default-arg","locations":[{"start":{"line":18,"column":9},"end":{"line":18,"column":13}}]},"3":{"loc":{"start":{"line":21,"column":2},"end":{"line":21,"column":19}},"type":"default-arg","locations":[{"start":{"line":21,"column":14},"end":{"line":21,"column":19}}]},"4":{"loc":{"start":{"line":22,"column":2},"end":{"line":22,"column":18}},"type":"default-arg","locations":[{"start":{"line":22,"column":13},"end":{"line":22,"column":18}}]},"5":{"loc":{"start":{"line":23,"column":2},"end":{"line":23,"column":30}},"type":"default-arg","locations":[{"start":{"line":23,"column":25},"end":{"line":23,"column":30}}]},"6":{"loc":{"start":{"line":75,"column":28},"end":{"line":75,"column":74}},"type":"cond-expr","locations":[{"start":{"line":75,"column":49},"end":{"line":75,"column":55}},{"start":{"line":75,"column":58},"end":{"line":75,"column":74}}]},"7":{"loc":{"start":{"line":77,"column":22},"end":{"line":82,"column":8}},"type":"cond-expr","locations":[{"start":{"line":78,"column":6},"end":{"line":78,"column":8}},{"start":{"line":79,"column":6},"end":{"line":82,"column":8}}]},"8":{"loc":{"start":{"line":80,"column":29},"end":{"line":80,"column":83}},"type":"cond-expr","locations":[{"start":{"line":80,"column":73},"end":{"line":80,"column":76}},{"start":{"line":80,"column":79},"end":{"line":80,"column":83}}]},"9":{"loc":{"start":{"line":80,"column":29},"end":{"line":80,"column":70}},"type":"binary-expr","locations":[{"start":{"line":80,"column":29},"end":{"line":80,"column":47}},{"start":{"line":80,"column":51},"end":{"line":80,"column":70}}]},"10":{"loc":{"start":{"line":84,"column":25},"end":{"line":84,"column":46}},"type":"binary-expr","locations":[{"start":{"line":84,"column":25},"end":{"line":84,"column":33}},{"start":{"line":84,"column":37},"end":{"line":84,"column":46}}]},"11":{"loc":{"start":{"line":88,"column":80},"end":{"line":88,"column":95}},"type":"binary-expr","locations":[{"start":{"line":88,"column":80},"end":{"line":88,"column":89}},{"start":{"line":88,"column":93},"end":{"line":88,"column":95}}]},"12":{"loc":{"start":{"line":95,"column":7},"end":{"line":130,"column":null}},"type":"cond-expr","locations":[{"start":{"line":96,"column":8},"end":{"line":115,"column":null}},{"start":{"line":118,"column":8},"end":{"line":129,"column":null}}]},"13":{"loc":{"start":{"line":119,"column":11},"end":{"line":122,"column":null}},"type":"binary-expr","locations":[{"start":{"line":119,"column":11},"end":{"line":119,"column":19}},{"start":{"line":120,"column":12},"end":{"line":121,"column":null}}]},"14":{"loc":{"start":{"line":120,"column":45},"end":{"line":120,"column":67}},"type":"cond-expr","locations":[{"start":{"line":120,"column":56},"end":{"line":120,"column":62}},{"start":{"line":120,"column":65},"end":{"line":120,"column":67}}]},"15":{"loc":{"start":{"line":125,"column":11},"end":{"line":128,"column":null}},"type":"binary-expr","locations":[{"start":{"line":125,"column":11},"end":{"line":125,"column":20}},{"start":{"line":126,"column":12},"end":{"line":127,"column":null}}]},"16":{"loc":{"start":{"line":126,"column":45},"end":{"line":126,"column":67}},"type":"cond-expr","locations":[{"start":{"line":126,"column":56},"end":{"line":126,"column":62}},{"start":{"line":126,"column":65},"end":{"line":126,"column":67}}]}},"s":{"0":2,"1":2,"2":2,"3":11,"4":11,"5":11,"6":11,"7":11,"8":11,"9":11,"10":2,"11":2,"12":0,"13":2},"f":{"0":11,"1":0},"b":{"0":[11],"1":[8],"2":[8],"3":[10],"4":[9],"5":[11],"6":[0,11],"7":[0,11],"8":[0,11],"9":[11,11],"10":[11,9],"11":[11,11],"12":[1,10],"13":[10,1],"14":[1,0],"15":[10,1],"16":[1,0]}}
,"/Users/allisongattone/Documents/GitHub/ideaforge/src/components/ErrorBoundary.tsx": {"path":"/Users/allisongattone/Documents/GitHub/ideaforge/src/components/ErrorBoundary.tsx","statementMap":{"0":{"start":{"line":3,"column":0},"end":{"line":3,"column":63}},"1":{"start":{"line":4,"column":0},"end":{"line":4,"column":30}},"2":{"start":{"line":5,"column":0},"end":{"line":5,"column":50}},"3":{"start":{"line":19,"column":4},"end":{"line":19,"column":17}},"4":{"start":{"line":33,"column":2},"end":{"line":35,"column":4}},"5":{"start":{"line":34,"column":4},"end":{"line":34,"column":29}},"6":{"start":{"line":20,"column":4},"end":{"line":20,"column":37}},"7":{"start":{"line":24,"column":4},"end":{"line":24,"column":30}},"8":{"start":{"line":29,"column":4},"end":{"line":29,"column":55}},"9":{"start":{"line":30,"column":4},"end":{"line":30,"column":40}},"10":{"start":{"line":38,"column":4},"end":{"line":69,"column":5}},"11":{"start":{"line":39,"column":6},"end":{"line":68,"column":8}},"12":{"start":{"line":71,"column":4},"end":{"line":71,"column":31}},"13":{"start":{"line":75,"column":0},"end":{"line":75,"column":29}}},"fnMap":{"0":{"name":"(anonymous_10)","decl":{"start":{"line":18,"column":2},"end":{"line":18,"column":14}},"loc":{"start":{"line":18,"column":26},"end":{"line":21,"column":3}}},"1":{"name":"(anonymous_11)","decl":{"start":{"line":33,"column":17},"end":{"line":33,"column":20}},"loc":{"start":{"line":33,"column":22},"end":{"line":35,"column":3}}},"2":{"name":"(anonymous_12)","decl":{"start":{"line":23,"column":2},"end":{"line":23,"column":8}},"loc":{"start":{"line":23,"column":42},"end":{"line":25,"column":3}}},"3":{"name":"(anonymous_13)","decl":{"start":{"line":27,"column":2},"end":{"line":27,"column":19}},"loc":{"start":{"line":27,"column":54},"end":{"line":31,"column":3}}},"4":{"name":"(anonymous_14)","decl":{"start":{"line":37,"column":2},"end":{"line":37,"column":8}},"loc":{"start":{"line":37,"column":8},"end":{"line":72,"column":3}}}},"branchMap":{"0":{"loc":{"start":{"line":38,"column":4},"end":{"line":69,"column":5}},"type":"if","locations":[{"start":{"line":38,"column":4},"end":{"line":69,"column":5}},{"start":{},"end":{}}]},"1":{"loc":{"start":{"line":56,"column":11},"end":{"line":65,"column":null}},"type":"binary-expr","locations":[{"start":{"line":56,"column":11},"end":{"line":56,"column":49}},{"start":{"line":56,"column":53},"end":{"line":56,"column":69}},{"start":{"line":57,"column":12},"end":{"line":64,"column":null}}]}},"s":{"0":1,"1":1,"2":1,"3":2,"4":1,"5":0,"6":1,"7":1,"8":1,"9":1,"10":3,"11":2,"12":1,"13":1},"f":{"0":2,"1":0,"2":1,"3":1,"4":3},"b":{"0":[2,1],"1":[2,0,0]}}
,"/Users/allisongattone/Documents/GitHub/ideaforge/src/components/IdeaEditor.tsx": {"path":"/Users/allisongattone/Documents/GitHub/ideaforge/src/components/IdeaEditor.tsx","statementMap":{"0":{"start":{"line":1,"column":0},"end":{"line":1,"column":88}},"1":{"start":{"line":2,"column":0},"end":{"line":2,"column":39}},"2":{"start":{"line":5,"column":0},"end":{"line":5,"column":null}},"3":{"start":{"line":19,"column":30},"end":{"line":19,"column":75}},"4":{"start":{"line":19,"column":40},"end":{"line":19,"column":74}},"5":{"start":{"line":20,"column":25},"end":{"line":20,"column":65}},"6":{"start":{"line":20,"column":35},"end":{"line":20,"column":64}},"7":{"start":{"line":21,"column":20},"end":{"line":21,"column":55}},"8":{"start":{"line":21,"column":30},"end":{"line":21,"column":54}},"9":{"start":{"line":22,"column":23},"end":{"line":22,"column":61}},"10":{"start":{"line":22,"column":33},"end":{"line":22,"column":60}},"11":{"start":{"line":23,"column":25},"end":{"line":23,"column":65}},"12":{"start":{"line":23,"column":35},"end":{"line":23,"column":64}},"13":{"start":{"line":25,"column":21},"end":{"line":25,"column":57}},"14":{"start":{"line":25,"column":31},"end":{"line":25,"column":56}},"15":{"start":{"line":35,"column":64},"end":{"line":44,"column":2}},"16":{"start":{"line":46,"column":35},"end":{"line":46,"column":36}},"17":{"start":{"line":47,"column":37},"end":{"line":47,"column":81}},"18":{"start":{"line":48,"column":31},"end":{"line":48,"column":57}},"19":{"start":{"line":50,"column":53},"end":{"line":494,"column":1}},"20":{"start":{"line":57,"column":26},"end":{"line":60,"column":14}},"21":{"start":{"line":61,"column":38},"end":{"line":61,"column":53}},"22":{"start":{"line":62,"column":64},"end":{"line":62,"column":79}},"23":{"start":{"line":63,"column":44},"end":{"line":63,"column":59}},"24":{"start":{"line":64,"column":48},"end":{"line":64,"column":63}},"25":{"start":{"line":65,"column":20},"end":{"line":65,"column":53}},"26":{"start":{"line":66,"column":23},"end":{"line":66,"column":53}},"27":{"start":{"line":67,"column":32},"end":{"line":67,"column":62}},"28":{"start":{"line":68,"column":27},"end":{"line":68,"column":55}},"29":{"start":{"line":70,"column":20},"end":{"line":80,"column":4}},"30":{"start":{"line":82,"column":2},"end":{"line":84,"column":19}},"31":{"start":{"line":83,"column":4},"end":{"line":83,"column":63}},"32":{"start":{"line":86,"column":23},"end":{"line":88,"column":3}},"33":{"start":{"line":87,"column":4},"end":{"line":87,"column":70}},"34":{"start":{"line":87,"column":23},"end":{"line":87,"column":67}},"35":{"start":{"line":90,"column":21},"end":{"line":106,"column":3}},"36":{"start":{"line":91,"column":4},"end":{"line":94,"column":5}},"37":{"start":{"line":92,"column":6},"end":{"line":92,"column":97}},"38":{"start":{"line":93,"column":6},"end":{"line":93,"column":13}},"39":{"start":{"line":95,"column":16},"end":{"line":95,"column":40}},"40":{"start":{"line":96,"column":28},"end":{"line":98,"column":86}},"41":{"start":{"line":100,"column":4},"end":{"line":101,"column":69}},"42":{"start":{"line":100,"column":17},"end":{"line":100,"column":80}},"43":{"start":{"line":101,"column":9},"end":{"line":101,"column":69}},"44":{"start":{"line":103,"column":27},"end":{"line":103,"column":73}},"45":{"start":{"line":104,"column":4},"end":{"line":104,"column":47}},"46":{"start":{"line":104,"column":24},"end":{"line":104,"column":47}},"47":{"start":{"line":105,"column":4},"end":{"line":105,"column":83}},"48":{"start":{"line":108,"column":23},"end":{"line":127,"column":3}},"49":{"start":{"line":109,"column":4},"end":{"line":112,"column":5}},"50":{"start":{"line":110,"column":6},"end":{"line":110,"column":76}},"51":{"start":{"line":111,"column":6},"end":{"line":111,"column":13}},"52":{"start":{"line":113,"column":4},"end":{"line":126,"column":5}},"53":{"start":{"line":114,"column":6},"end":{"line":114,"column":37}},"54":{"start":{"line":115,"column":6},"end":{"line":118,"column":8}},"55":{"start":{"line":121,"column":6},"end":{"line":124,"column":8}},"56":{"start":{"line":125,"column":6},"end":{"line":125,"column":27}},"57":{"start":{"line":129,"column":27},"end":{"line":158,"column":3}},"58":{"start":{"line":130,"column":4},"end":{"line":133,"column":5}},"59":{"start":{"line":131,"column":6},"end":{"line":131,"column":82}},"60":{"start":{"line":132,"column":6},"end":{"line":132,"column":13}},"61":{"start":{"line":134,"column":4},"end":{"line":137,"column":5}},"62":{"start":{"line":135,"column":6},"end":{"line":135,"column":100}},"63":{"start":{"line":136,"column":6},"end":{"line":136,"column":13}},"64":{"start":{"line":138,"column":4},"end":{"line":138,"column":29}},"65":{"start":{"line":139,"column":4},"end":{"line":142,"column":6}},"66":{"start":{"line":143,"column":4},"end":{"line":156,"column":5}},"67":{"start":{"line":145,"column":6},"end":{"line":148,"column":9}},"68":{"start":{"line":149,"column":6},"end":{"line":149,"column":94}},"69":{"start":{"line":151,"column":6},"end":{"line":154,"column":8}},"70":{"start":{"line":155,"column":6},"end":{"line":155,"column":27}},"71":{"start":{"line":157,"column":4},"end":{"line":157,"column":30}},"72":{"start":{"line":160,"column":36},"end":{"line":181,"column":3}},"73":{"start":{"line":161,"column":4},"end":{"line":164,"column":5}},"74":{"start":{"line":162,"column":6},"end":{"line":162,"column":88}},"75":{"start":{"line":163,"column":6},"end":{"line":163,"column":13}},"76":{"start":{"line":165,"column":4},"end":{"line":168,"column":5}},"77":{"start":{"line":166,"column":6},"end":{"line":166,"column":94}},"78":{"start":{"line":167,"column":6},"end":{"line":167,"column":13}},"79":{"start":{"line":169,"column":4},"end":{"line":169,"column":37}},"80":{"start":{"line":170,"column":4},"end":{"line":179,"column":5}},"81":{"start":{"line":171,"column":26},"end":{"line":171,"column":87}},"82":{"start":{"line":172,"column":6},"end":{"line":172,"column":55}},"83":{"start":{"line":172,"column":25},"end":{"line":172,"column":52}},"84":{"start":{"line":173,"column":6},"end":{"line":173,"column":88}},"85":{"start":{"line":175,"column":6},"end":{"line":178,"column":8}},"86":{"start":{"line":180,"column":4},"end":{"line":180,"column":38}},"87":{"start":{"line":183,"column":31},"end":{"line":218,"column":3}},"88":{"start":{"line":184,"column":4},"end":{"line":190,"column":5}},"89":{"start":{"line":185,"column":6},"end":{"line":188,"column":8}},"90":{"start":{"line":189,"column":6},"end":{"line":189,"column":13}},"91":{"start":{"line":191,"column":4},"end":{"line":194,"column":5}},"92":{"start":{"line":192,"column":6},"end":{"line":192,"column":94}},"93":{"start":{"line":193,"column":6},"end":{"line":193,"column":13}},"94":{"start":{"line":195,"column":4},"end":{"line":195,"column":27}},"95":{"start":{"line":196,"column":4},"end":{"line":216,"column":5}},"96":{"start":{"line":197,"column":29},"end":{"line":204,"column":8}},"97":{"start":{"line":205,"column":22},"end":{"line":205,"column":77}},"98":{"start":{"line":206,"column":6},"end":{"line":209,"column":10}},"99":{"start":{"line":206,"column":25},"end":{"line":209,"column":8}},"100":{"start":{"line":210,"column":6},"end":{"line":210,"column":79}},"101":{"start":{"line":212,"column":6},"end":{"line":215,"column":8}},"102":{"start":{"line":217,"column":4},"end":{"line":217,"column":28}},"103":{"start":{"line":220,"column":22},"end":{"line":232,"column":8}},"104":{"start":{"line":221,"column":19},"end":{"line":226,"column":6}},"105":{"start":{"line":227,"column":4},"end":{"line":228,"column":81}},"106":{"start":{"line":228,"column":6},"end":{"line":228,"column":81}},"107":{"start":{"line":229,"column":4},"end":{"line":230,"column":78}},"108":{"start":{"line":230,"column":6},"end":{"line":230,"column":78}},"109":{"start":{"line":231,"column":4},"end":{"line":231,"column":79}},"110":{"start":{"line":234,"column":34},"end":{"line":255,"column":null}},"111":{"start":{"line":236,"column":6},"end":{"line":253,"column":9}},"112":{"start":{"line":237,"column":34},"end":{"line":237,"column":61}},"113":{"start":{"line":238,"column":8},"end":{"line":240,"column":9}},"114":{"start":{"line":239,"column":10},"end":{"line":239,"column":53}},"115":{"start":{"line":242,"column":8},"end":{"line":246,"column":11}},"116":{"start":{"line":243,"column":10},"end":{"line":245,"column":11}},"117":{"start":{"line":244,"column":12},"end":{"line":244,"column":80}},"118":{"start":{"line":248,"column":8},"end":{"line":252,"column":10}},"119":{"start":{"line":258,"column":27},"end":{"line":313,"column":null}},"120":{"start":{"line":260,"column":6},"end":{"line":260,"column":47}},"121":{"start":{"line":260,"column":40},"end":{"line":260,"column":47}},"122":{"start":{"line":261,"column":6},"end":{"line":261,"column":65}},"123":{"start":{"line":262,"column":48},"end":{"line":262,"column":50}},"124":{"start":{"line":263,"column":34},"end":{"line":263,"column":36}},"125":{"start":{"line":265,"column":6},"end":{"line":306,"column":7}},"126":{"start":{"line":266,"column":8},"end":{"line":305,"column":9}},"127":{"start":{"line":267,"column":10},"end":{"line":297,"column":11}},"128":{"start":{"line":269,"column":26},"end":{"line":269,"column":57}},"129":{"start":{"line":269,"column":27},"end":{"line":269,"column":48}},"130":{"start":{"line":270,"column":24},"end":{"line":270,"column":51}},"131":{"start":{"line":271,"column":35},"end":{"line":271,"column":86}},"132":{"start":{"line":271,"column":79},"end":{"line":271,"column":85}},"133":{"start":{"line":272,"column":56},"end":{"line":272,"column":58}},"134":{"start":{"line":273,"column":12},"end":{"line":285,"column":13}},"135":{"start":{"line":274,"column":32},"end":{"line":277,"column":null}},"136":{"start":{"line":279,"column":33},"end":{"line":279,"column":61}},"137":{"start":{"line":280,"column":14},"end":{"line":284,"column":15}},"138":{"start":{"line":281,"column":16},"end":{"line":282,"column":131}},"139":{"start":{"line":282,"column":18},"end":{"line":282,"column":131}},"140":{"start":{"line":283,"column":16},"end":{"line":283,"column":55}},"141":{"start":{"line":286,"column":12},"end":{"line":286,"column":63}},"142":{"start":{"line":287,"column":12},"end":{"line":290,"column":14}},"143":{"start":{"line":292,"column":12},"end":{"line":292,"column":45}},"144":{"start":{"line":293,"column":12},"end":{"line":296,"column":14}},"145":{"start":{"line":299,"column":29},"end":{"line":299,"column":52}},"146":{"start":{"line":300,"column":10},"end":{"line":304,"column":11}},"147":{"start":{"line":301,"column":12},"end":{"line":302,"column":109}},"148":{"start":{"line":302,"column":14},"end":{"line":302,"column":109}},"149":{"start":{"line":303,"column":12},"end":{"line":303,"column":49}},"150":{"start":{"line":308,"column":6},"end":{"line":310,"column":7}},"151":{"start":{"line":309,"column":8},"end":{"line":309,"column":76}},"152":{"start":{"line":311,"column":6},"end":{"line":311,"column":64}},"153":{"start":{"line":311,"column":32},"end":{"line":311,"column":64}},"154":{"start":{"line":316,"column":21},"end":{"line":323,"column":null}},"155":{"start":{"line":318,"column":6},"end":{"line":318,"column":25}},"156":{"start":{"line":319,"column":6},"end":{"line":319,"column":26}},"157":{"start":{"line":320,"column":6},"end":{"line":320,"column":27}},"158":{"start":{"line":321,"column":6},"end":{"line":321,"column":51}},"159":{"start":{"line":326,"column":27},"end":{"line":340,"column":3}},"160":{"start":{"line":327,"column":31},"end":{"line":327,"column":76}},"161":{"start":{"line":327,"column":62},"end":{"line":327,"column":75}},"162":{"start":{"line":328,"column":4},"end":{"line":339,"column":7}},"163":{"start":{"line":329,"column":33},"end":{"line":329,"column":80}},"164":{"start":{"line":329,"column":66},"end":{"line":329,"column":79}},"165":{"start":{"line":330,"column":25},"end":{"line":330,"column":52}},"166":{"start":{"line":331,"column":6},"end":{"line":337,"column":7}},"167":{"start":{"line":332,"column":34},"end":{"line":334,"column":null}},"168":{"start":{"line":336,"column":8},"end":{"line":336,"column":67}},"169":{"start":{"line":338,"column":6},"end":{"line":338,"column":90}},"170":{"start":{"line":342,"column":35},"end":{"line":359,"column":3}},"171":{"start":{"line":343,"column":4},"end":{"line":358,"column":5}},"172":{"start":{"line":344,"column":19},"end":{"line":344,"column":72}},"173":{"start":{"line":345,"column":19},"end":{"line":345,"column":46}},"174":{"start":{"line":346,"column":6},"end":{"line":346,"column":44}},"175":{"start":{"line":347,"column":6},"end":{"line":347,"column":38}},"176":{"start":{"line":348,"column":6},"end":{"line":348,"column":38}},"177":{"start":{"line":349,"column":6},"end":{"line":349,"column":19}},"178":{"start":{"line":350,"column":6},"end":{"line":350,"column":38}},"179":{"start":{"line":351,"column":6},"end":{"line":351,"column":37}},"180":{"start":{"line":352,"column":6},"end":{"line":352,"column":79}},"181":{"start":{"line":354,"column":6},"end":{"line":357,"column":8}},"182":{"start":{"line":361,"column":36},"end":{"line":390,"column":3}},"183":{"start":{"line":362,"column":17},"end":{"line":362,"column":40}},"184":{"start":{"line":363,"column":4},"end":{"line":363,"column":22}},"185":{"start":{"line":363,"column":15},"end":{"line":363,"column":22}},"186":{"start":{"line":365,"column":4},"end":{"line":371,"column":5}},"187":{"start":{"line":366,"column":6},"end":{"line":369,"column":8}},"188":{"start":{"line":370,"column":6},"end":{"line":370,"column":13}},"189":{"start":{"line":372,"column":4},"end":{"line":378,"column":5}},"190":{"start":{"line":373,"column":6},"end":{"line":376,"column":8}},"191":{"start":{"line":377,"column":6},"end":{"line":377,"column":13}},"192":{"start":{"line":379,"column":4},"end":{"line":388,"column":5}},"193":{"start":{"line":380,"column":25},"end":{"line":380,"column":53}},"194":{"start":{"line":381,"column":6},"end":{"line":381,"column":57}},"195":{"start":{"line":381,"column":25},"end":{"line":381,"column":54}},"196":{"start":{"line":382,"column":6},"end":{"line":385,"column":8}},"197":{"start":{"line":387,"column":6},"end":{"line":387,"column":97}},"198":{"start":{"line":389,"column":4},"end":{"line":389,"column":80}},"199":{"start":{"line":389,"column":39},"end":{"line":389,"column":80}},"200":{"start":{"line":392,"column":36},"end":{"line":395,"column":3}},"201":{"start":{"line":393,"column":4},"end":{"line":393,"column":54}},"202":{"start":{"line":393,"column":23},"end":{"line":393,"column":51}},"203":{"start":{"line":394,"column":4},"end":{"line":394,"column":87}},"204":{"start":{"line":397,"column":22},"end":{"line":403,"column":3}},"205":{"start":{"line":398,"column":4},"end":{"line":399,"column":92}},"206":{"start":{"line":399,"column":6},"end":{"line":399,"column":92}},"207":{"start":{"line":400,"column":4},"end":{"line":401,"column":99}},"208":{"start":{"line":401,"column":6},"end":{"line":401,"column":99}},"209":{"start":{"line":402,"column":4},"end":{"line":402,"column":93}},"210":{"start":{"line":405,"column":25},"end":{"line":405,"column":84}},"211":{"start":{"line":407,"column":2},"end":{"line":493,"column":4}},"212":{"start":{"line":431,"column":10},"end":{"line":431,"column":29}},"213":{"start":{"line":432,"column":10},"end":{"line":432,"column":23}},"214":{"start":{"line":50,"column":13},"end":{"line":50,"column":53}}},"fnMap":{"0":{"name":"(anonymous_9)","decl":{"start":{"line":19,"column":35},"end":{"line":19,"column":38}},"loc":{"start":{"line":19,"column":40},"end":{"line":19,"column":74}}},"1":{"name":"(anonymous_10)","decl":{"start":{"line":19,"column":40},"end":{"line":19,"column":48}},"loc":{"start":{"line":19,"column":40},"end":{"line":19,"column":74}}},"2":{"name":"(anonymous_11)","decl":{"start":{"line":20,"column":30},"end":{"line":20,"column":33}},"loc":{"start":{"line":20,"column":35},"end":{"line":20,"column":64}}},"3":{"name":"(anonymous_12)","decl":{"start":{"line":20,"column":35},"end":{"line":20,"column":43}},"loc":{"start":{"line":20,"column":35},"end":{"line":20,"column":64}}},"4":{"name":"(anonymous_13)","decl":{"start":{"line":21,"column":25},"end":{"line":21,"column":28}},"loc":{"start":{"line":21,"column":30},"end":{"line":21,"column":54}}},"5":{"name":"(anonymous_14)","decl":{"start":{"line":21,"column":30},"end":{"line":21,"column":38}},"loc":{"start":{"line":21,"column":30},"end":{"line":21,"column":54}}},"6":{"name":"(anonymous_15)","decl":{"start":{"line":22,"column":28},"end":{"line":22,"column":31}},"loc":{"start":{"line":22,"column":33},"end":{"line":22,"column":60}}},"7":{"name":"(anonymous_16)","decl":{"start":{"line":22,"column":33},"end":{"line":22,"column":41}},"loc":{"start":{"line":22,"column":33},"end":{"line":22,"column":60}}},"8":{"name":"(anonymous_17)","decl":{"start":{"line":23,"column":30},"end":{"line":23,"column":33}},"loc":{"start":{"line":23,"column":35},"end":{"line":23,"column":64}}},"9":{"name":"(anonymous_18)","decl":{"start":{"line":23,"column":35},"end":{"line":23,"column":43}},"loc":{"start":{"line":23,"column":35},"end":{"line":23,"column":64}}},"10":{"name":"(anonymous_19)","decl":{"start":{"line":25,"column":26},"end":{"line":25,"column":29}},"loc":{"start":{"line":25,"column":31},"end":{"line":25,"column":56}}},"11":{"name":"(anonymous_20)","decl":{"start":{"line":25,"column":31},"end":{"line":25,"column":39}},"loc":{"start":{"line":25,"column":31},"end":{"line":25,"column":56}}},"12":{"name":"(anonymous_21)","decl":{"start":{"line":50,"column":53},"end":{"line":50,"column":54}},"loc":{"start":{"line":56,"column":5},"end":{"line":494,"column":1}}},"13":{"name":"(anonymous_22)","decl":{"start":{"line":82,"column":12},"end":{"line":82,"column":15}},"loc":{"start":{"line":82,"column":17},"end":{"line":84,"column":3}}},"14":{"name":"(anonymous_23)","decl":{"start":{"line":86,"column":23},"end":{"line":86,"column":24}},"loc":{"start":{"line":86,"column":88},"end":{"line":88,"column":3}}},"15":{"name":"(anonymous_24)","decl":{"start":{"line":87,"column":12},"end":{"line":87,"column":13}},"loc":{"start":{"line":87,"column":23},"end":{"line":87,"column":67}}},"16":{"name":"(anonymous_25)","decl":{"start":{"line":90,"column":21},"end":{"line":90,"column":24}},"loc":{"start":{"line":90,"column":26},"end":{"line":106,"column":3}}},"17":{"name":"(anonymous_26)","decl":{"start":{"line":108,"column":23},"end":{"line":108,"column":28}},"loc":{"start":{"line":108,"column":34},"end":{"line":127,"column":3}}},"18":{"name":"(anonymous_27)","decl":{"start":{"line":129,"column":27},"end":{"line":129,"column":32}},"loc":{"start":{"line":129,"column":38},"end":{"line":158,"column":3}}},"19":{"name":"(anonymous_28)","decl":{"start":{"line":160,"column":36},"end":{"line":160,"column":41}},"loc":{"start":{"line":160,"column":47},"end":{"line":181,"column":3}}},"20":{"name":"(anonymous_29)","decl":{"start":{"line":172,"column":14},"end":{"line":172,"column":15}},"loc":{"start":{"line":172,"column":25},"end":{"line":172,"column":52}}},"21":{"name":"(anonymous_30)","decl":{"start":{"line":183,"column":31},"end":{"line":183,"column":36}},"loc":{"start":{"line":183,"column":42},"end":{"line":218,"column":3}}},"22":{"name":"(anonymous_31)","decl":{"start":{"line":206,"column":14},"end":{"line":206,"column":15}},"loc":{"start":{"line":206,"column":25},"end":{"line":209,"column":8}}},"23":{"name":"(anonymous_32)","decl":{"start":{"line":220,"column":34},"end":{"line":220,"column":39}},"loc":{"start":{"line":220,"column":83},"end":{"line":232,"column":3}}},"24":{"name":"(anonymous_33)","decl":{"start":{"line":235,"column":4},"end":{"line":235,"column":5}},"loc":{"start":{"line":235,"column":73},"end":{"line":254,"column":5}}},"25":{"name":"(anonymous_34)","decl":{"start":{"line":236,"column":14},"end":{"line":236,"column":15}},"loc":{"start":{"line":236,"column":23},"end":{"line":253,"column":7}}},"26":{"name":"(anonymous_35)","decl":{"start":{"line":242,"column":37},"end":{"line":242,"column":38}},"loc":{"start":{"line":242,"column":45},"end":{"line":246,"column":9}}},"27":{"name":"(anonymous_36)","decl":{"start":{"line":259,"column":4},"end":{"line":259,"column":9}},"loc":{"start":{"line":259,"column":46},"end":{"line":312,"column":5}}},"28":{"name":"(anonymous_37)","decl":{"start":{"line":269,"column":27},"end":{"line":269,"column":40}},"loc":{"start":{"line":269,"column":27},"end":{"line":269,"column":48}}},"29":{"name":"(anonymous_38)","decl":{"start":{"line":271,"column":67},"end":{"line":271,"column":68}},"loc":{"start":{"line":271,"column":79},"end":{"line":271,"column":85}}},"30":{"name":"(anonymous_39)","decl":{"start":{"line":317,"column":4},"end":{"line":317,"column":9}},"loc":{"start":{"line":317,"column":49},"end":{"line":322,"column":5}}},"31":{"name":"(anonymous_40)","decl":{"start":{"line":326,"column":27},"end":{"line":326,"column":28}},"loc":{"start":{"line":326,"column":42},"end":{"line":340,"column":3}}},"32":{"name":"(anonymous_41)","decl":{"start":{"line":327,"column":53},"end":{"line":327,"column":54}},"loc":{"start":{"line":327,"column":62},"end":{"line":327,"column":75}}},"33":{"name":"(anonymous_42)","decl":{"start":{"line":328,"column":12},"end":{"line":328,"column":13}},"loc":{"start":{"line":328,"column":21},"end":{"line":339,"column":5}}},"34":{"name":"(anonymous_43)","decl":{"start":{"line":329,"column":57},"end":{"line":329,"column":58}},"loc":{"start":{"line":329,"column":66},"end":{"line":329,"column":79}}},"35":{"name":"(anonymous_44)","decl":{"start":{"line":342,"column":35},"end":{"line":342,"column":36}},"loc":{"start":{"line":342,"column":62},"end":{"line":359,"column":3}}},"36":{"name":"(anonymous_45)","decl":{"start":{"line":361,"column":36},"end":{"line":361,"column":41}},"loc":{"start":{"line":361,"column":83},"end":{"line":390,"column":3}}},"37":{"name":"(anonymous_46)","decl":{"start":{"line":381,"column":14},"end":{"line":381,"column":15}},"loc":{"start":{"line":381,"column":25},"end":{"line":381,"column":54}}},"38":{"name":"(anonymous_47)","decl":{"start":{"line":392,"column":36},"end":{"line":392,"column":39}},"loc":{"start":{"line":392,"column":41},"end":{"line":395,"column":3}}},"39":{"name":"(anonymous_48)","decl":{"start":{"line":393,"column":12},"end":{"line":393,"column":13}},"loc":{"start":{"line":393,"column":23},"end":{"line":393,"column":51}}},"40":{"name":"(anonymous_49)","decl":{"start":{"line":397,"column":22},"end":{"line":397,"column":23}},"loc":{"start":{"line":397,"column":51},"end":{"line":403,"column":3}}},"41":{"name":"(anonymous_50)","decl":{"start":{"line":430,"column":18},"end":{"line":430,"column":19}},"loc":{"start":{"line":430,"column":24},"end":{"line":433,"column":9}}}},"branchMap":{"0":{"loc":{"start":{"line":83,"column":12},"end":{"line":83,"column":61}},"type":"cond-expr","locations":[{"start":{"line":83,"column":25},"end":{"line":83,"column":42}},{"start":{"line":83,"column":45},"end":{"line":83,"column":61}}]},"1":{"loc":{"start":{"line":91,"column":4},"end":{"line":94,"column":5}},"type":"if","locations":[{"start":{"line":91,"column":4},"end":{"line":94,"column":5}},{"start":{},"end":{}}]},"2":{"loc":{"start":{"line":96,"column":28},"end":{"line":98,"column":86}},"type":"cond-expr","locations":[{"start":{"line":97,"column":9},"end":{"line":97,"column":45}},{"start":{"line":98,"column":9},"end":{"line":98,"column":86}}]},"3":{"loc":{"start":{"line":100,"column":4},"end":{"line":101,"column":69}},"type":"if","locations":[{"start":{"line":100,"column":4},"end":{"line":101,"column":69}},{"start":{"line":101,"column":9},"end":{"line":101,"column":69}}]},"4":{"loc":{"start":{"line":104,"column":4},"end":{"line":104,"column":47}},"type":"if","locations":[{"start":{"line":104,"column":4},"end":{"line":104,"column":47}},{"start":{},"end":{}}]},"5":{"loc":{"start":{"line":109,"column":4},"end":{"line":112,"column":5}},"type":"if","locations":[{"start":{"line":109,"column":4},"end":{"line":112,"column":5}},{"start":{},"end":{}}]},"6":{"loc":{"start":{"line":130,"column":4},"end":{"line":133,"column":5}},"type":"if","locations":[{"start":{"line":130,"column":4},"end":{"line":133,"column":5}},{"start":{},"end":{}}]},"7":{"loc":{"start":{"line":134,"column":4},"end":{"line":137,"column":5}},"type":"if","locations":[{"start":{"line":134,"column":4},"end":{"line":137,"column":5}},{"start":{},"end":{}}]},"8":{"loc":{"start":{"line":147,"column":38},"end":{"line":147,"column":67}},"type":"binary-expr","locations":[{"start":{"line":147,"column":38},"end":{"line":147,"column":48}},{"start":{"line":147,"column":52},"end":{"line":147,"column":67}}]},"9":{"loc":{"start":{"line":152,"column":44},"end":{"line":152,"column":98}},"type":"cond-expr","locations":[{"start":{"line":152,"column":69},"end":{"line":152,"column":82}},{"start":{"line":152,"column":85},"end":{"line":152,"column":98}}]},"10":{"loc":{"start":{"line":161,"column":4},"end":{"line":164,"column":5}},"type":"if","locations":[{"start":{"line":161,"column":4},"end":{"line":164,"column":5}},{"start":{},"end":{}}]},"11":{"loc":{"start":{"line":165,"column":4},"end":{"line":168,"column":5}},"type":"if","locations":[{"start":{"line":165,"column":4},"end":{"line":168,"column":5}},{"start":{},"end":{}}]},"12":{"loc":{"start":{"line":176,"column":60},"end":{"line":176,"column":102}},"type":"cond-expr","locations":[{"start":{"line":176,"column":81},"end":{"line":176,"column":90}},{"start":{"line":176,"column":93},"end":{"line":176,"column":102}}]},"13":{"loc":{"start":{"line":184,"column":4},"end":{"line":190,"column":5}},"type":"if","locations":[{"start":{"line":184,"column":4},"end":{"line":190,"column":5}},{"start":{},"end":{}}]},"14":{"loc":{"start":{"line":184,"column":8},"end":{"line":184,"column":68}},"type":"binary-expr","locations":[{"start":{"line":184,"column":8},"end":{"line":184,"column":38}},{"start":{"line":184,"column":42},"end":{"line":184,"column":68}}]},"15":{"loc":{"start":{"line":191,"column":4},"end":{"line":194,"column":5}},"type":"if","locations":[{"start":{"line":191,"column":4},"end":{"line":194,"column":5}},{"start":{},"end":{}}]},"16":{"loc":{"start":{"line":208,"column":29},"end":{"line":208,"column":56}},"type":"binary-expr","locations":[{"start":{"line":208,"column":29},"end":{"line":208,"column":50}},{"start":{"line":208,"column":54},"end":{"line":208,"column":56}}]},"17":{"loc":{"start":{"line":213,"column":60},"end":{"line":213,"column":102}},"type":"cond-expr","locations":[{"start":{"line":213,"column":81},"end":{"line":213,"column":90}},{"start":{"line":213,"column":93},"end":{"line":213,"column":102}}]},"18":{"loc":{"start":{"line":227,"column":4},"end":{"line":228,"column":81}},"type":"if","locations":[{"start":{"line":227,"column":4},"end":{"line":228,"column":81}},{"start":{},"end":{}}]},"19":{"loc":{"start":{"line":229,"column":4},"end":{"line":230,"column":78}},"type":"if","locations":[{"start":{"line":229,"column":4},"end":{"line":230,"column":78}},{"start":{},"end":{}}]},"20":{"loc":{"start":{"line":229,"column":8},"end":{"line":229,"column":67}},"type":"binary-expr","locations":[{"start":{"line":229,"column":8},"end":{"line":229,"column":34}},{"start":{"line":229,"column":38},"end":{"line":229,"column":67}}]},"21":{"loc":{"start":{"line":237,"column":34},"end":{"line":237,"column":61}},"type":"binary-expr","locations":[{"start":{"line":237,"column":34},"end":{"line":237,"column":55}},{"start":{"line":237,"column":59},"end":{"line":237,"column":61}}]},"22":{"loc":{"start":{"line":238,"column":8},"end":{"line":240,"column":9}},"type":"if","locations":[{"start":{"line":238,"column":8},"end":{"line":240,"column":9}},{"start":{},"end":{}}]},"23":{"loc":{"start":{"line":243,"column":10},"end":{"line":245,"column":11}},"type":"if","locations":[{"start":{"line":243,"column":10},"end":{"line":245,"column":11}},{"start":{},"end":{}}]},"24":{"loc":{"start":{"line":260,"column":6},"end":{"line":260,"column":47}},"type":"if","locations":[{"start":{"line":260,"column":6},"end":{"line":260,"column":47}},{"start":{},"end":{}}]},"25":{"loc":{"start":{"line":260,"column":10},"end":{"line":260,"column":38}},"type":"binary-expr","locations":[{"start":{"line":260,"column":10},"end":{"line":260,"column":16}},{"start":{"line":260,"column":20},"end":{"line":260,"column":38}}]},"26":{"loc":{"start":{"line":266,"column":8},"end":{"line":305,"column":9}},"type":"if","locations":[{"start":{"line":266,"column":8},"end":{"line":305,"column":9}},{"start":{"line":298,"column":15},"end":{"line":305,"column":9}}]},"27":{"loc":{"start":{"line":280,"column":14},"end":{"line":284,"column":15}},"type":"if","locations":[{"start":{"line":280,"column":14},"end":{"line":284,"column":15}},{"start":{},"end":{}}]},"28":{"loc":{"start":{"line":281,"column":16},"end":{"line":282,"column":131}},"type":"if","locations":[{"start":{"line":281,"column":16},"end":{"line":282,"column":131}},{"start":{},"end":{}}]},"29":{"loc":{"start":{"line":300,"column":10},"end":{"line":304,"column":11}},"type":"if","locations":[{"start":{"line":300,"column":10},"end":{"line":304,"column":11}},{"start":{},"end":{}}]},"30":{"loc":{"start":{"line":301,"column":12},"end":{"line":302,"column":109}},"type":"if","locations":[{"start":{"line":301,"column":12},"end":{"line":302,"column":109}},{"start":{},"end":{}}]},"31":{"loc":{"start":{"line":308,"column":6},"end":{"line":310,"column":7}},"type":"if","locations":[{"start":{"line":308,"column":6},"end":{"line":310,"column":7}},{"start":{},"end":{}}]},"32":{"loc":{"start":{"line":311,"column":6},"end":{"line":311,"column":64}},"type":"if","locations":[{"start":{"line":311,"column":6},"end":{"line":311,"column":64}},{"start":{},"end":{}}]},"33":{"loc":{"start":{"line":330,"column":25},"end":{"line":330,"column":52}},"type":"binary-expr","locations":[{"start":{"line":330,"column":25},"end":{"line":330,"column":46}},{"start":{"line":330,"column":50},"end":{"line":330,"column":52}}]},"34":{"loc":{"start":{"line":331,"column":6},"end":{"line":337,"column":7}},"type":"if","locations":[{"start":{"line":331,"column":6},"end":{"line":337,"column":7}},{"start":{},"end":{}}]},"35":{"loc":{"start":{"line":331,"column":10},"end":{"line":331,"column":67}},"type":"binary-expr","locations":[{"start":{"line":331,"column":10},"end":{"line":331,"column":28}},{"start":{"line":331,"column":32},"end":{"line":331,"column":67}}]},"36":{"loc":{"start":{"line":355,"column":58},"end":{"line":355,"column":114}},"type":"cond-expr","locations":[{"start":{"line":355,"column":83},"end":{"line":355,"column":96}},{"start":{"line":355,"column":99},"end":{"line":355,"column":114}}]},"37":{"loc":{"start":{"line":363,"column":4},"end":{"line":363,"column":22}},"type":"if","locations":[{"start":{"line":363,"column":4},"end":{"line":363,"column":22}},{"start":{},"end":{}}]},"38":{"loc":{"start":{"line":365,"column":4},"end":{"line":371,"column":5}},"type":"if","locations":[{"start":{"line":365,"column":4},"end":{"line":371,"column":5}},{"start":{},"end":{}}]},"39":{"loc":{"start":{"line":372,"column":4},"end":{"line":378,"column":5}},"type":"if","locations":[{"start":{"line":372,"column":4},"end":{"line":378,"column":5}},{"start":{},"end":{}}]},"40":{"loc":{"start":{"line":389,"column":4},"end":{"line":389,"column":80}},"type":"if","locations":[{"start":{"line":389,"column":4},"end":{"line":389,"column":80}},{"start":{},"end":{}}]},"41":{"loc":{"start":{"line":398,"column":4},"end":{"line":399,"column":92}},"type":"if","locations":[{"start":{"line":398,"column":4},"end":{"line":399,"column":92}},{"start":{},"end":{}}]},"42":{"loc":{"start":{"line":400,"column":4},"end":{"line":401,"column":99}},"type":"if","locations":[{"start":{"line":400,"column":4},"end":{"line":401,"column":99}},{"start":{},"end":{}}]},"43":{"loc":{"start":{"line":405,"column":25},"end":{"line":405,"column":84}},"type":"binary-expr","locations":[{"start":{"line":405,"column":25},"end":{"line":405,"column":48}},{"start":{"line":405,"column":52},"end":{"line":405,"column":65}},{"start":{"line":405,"column":69},"end":{"line":405,"column":84}}]}},"s":{"0":1,"1":1,"2":1,"3":1,"4":0,"5":1,"6":0,"7":1,"8":0,"9":1,"10":0,"11":1,"12":0,"13":1,"14":0,"15":1,"16":1,"17":1,"18":1,"19":1,"20":0,"21":0,"22":0,"23":0,"24":0,"25":0,"26":0,"27":0,"28":0,"29":0,"30":0,"31":0,"32":0,"33":0,"34":0,"35":0,"36":0,"37":0,"38":0,"39":0,"40":0,"41":0,"42":0,"43":0,"44":0,"45":0,"46":0,"47":0,"48":0,"49":0,"50":0,"51":0,"52":0,"53":0,"54":0,"55":0,"56":0,"57":0,"58":0,"59":0,"60":0,"61":0,"62":0,"63":0,"64":0,"65":0,"66":0,"67":0,"68":0,"69":0,"70":0,"71":0,"72":0,"73":0,"74":0,"75":0,"76":0,"77":0,"78":0,"79":0,"80":0,"81":0,"82":0,"83":0,"84":0,"85":0,"86":0,"87":0,"88":0,"89":0,"90":0,"91":0,"92":0,"93":0,"94":0,"95":0,"96":0,"97":0,"98":0,"99":0,"100":0,"101":0,"102":0,"103":0,"104":0,"105":0,"106":0,"107":0,"108":0,"109":0,"110":0,"111":0,"112":0,"113":0,"114":0,"115":0,"116":0,"117":0,"118":0,"119":0,"120":0,"121":0,"122":0,"123":0,"124":0,"125":0,"126":0,"127":0,"128":0,"129":0,"130":0,"131":0,"132":0,"133":0,"134":0,"135":0,"136":0,"137":0,"138":0,"139":0,"140":0,"141":0,"142":0,"143":0,"144":0,"145":0,"146":0,"147":0,"148":0,"149":0,"150":0,"151":0,"152":0,"153":0,"154":0,"155":0,"156":0,"157":0,"158":0,"159":0,"160":0,"161":0,"162":0,"163":0,"164":0,"165":0,"166":0,"167":0,"168":0,"169":0,"170":0,"171":0,"172":0,"173":0,"174":0,"175":0,"176":0,"177":0,"178":0,"179":0,"180":0,"181":0,"182":0,"183":0,"184":0,"185":0,"186":0,"187":0,"188":0,"189":0,"190":0,"191":0,"192":0,"193":0,"194":0,"195":0,"196":0,"197":0,"198":0,"199":0,"200":0,"201":0,"202":0,"203":0,"204":0,"205":0,"206":0,"207":0,"208":0,"209":0,"210":0,"211":0,"212":0,"213":0,"214":1},"f":{"0":0,"1":0,"2":0,"3":0,"4":0,"5":0,"6":0,"7":0,"8":0,"9":0,"10":0,"11":0,"12":0,"13":0,"14":0,"15":0,"16":0,"17":0,"18":0,"19":0,"20":0,"21":0,"22":0,"23":0,"24":0,"25":0,"26":0,"27":0,"28":0,"29":0,"30":0,"31":0,"32":0,"33":0,"34":0,"35":0,"36":0,"37":0,"38":0,"39":0,"40":0,"41":0},"b":{"0":[0,0],"1":[0,0],"2":[0,0],"3":[0,0],"4":[0,0],"5":[0,0],"6":[0,0],"7":[0,0],"8":[0,0],"9":[0,0],"10":[0,0],"11":[0,0],"12":[0,0],"13":[0,0],"14":[0,0],"15":[0,0],"16":[0,0],"17":[0,0],"18":[0,0],"19":[0,0],"20":[0,0],"21":[0,0],"22":[0,0],"23":[0,0],"24":[0,0],"25":[0,0],"26":[0,0],"27":[0,0],"28":[0,0],"29":[0,0],"30":[0,0],"31":[0,0],"32":[0,0],"33":[0,0],"34":[0,0],"35":[0,0],"36":[0,0],"37":[0,0],"38":[0,0],"39":[0,0],"40":[0,0],"41":[0,0],"42":[0,0],"43":[0,0,0]}}
,"/Users/allisongattone/Documents/GitHub/ideaforge/src/components/Modal.tsx": {"path":"/Users/allisongattone/Documents/GitHub/ideaforge/src/components/Modal.tsx","statementMap":{"0":{"start":{"line":1,"column":0},"end":{"line":1,"column":62}},"1":{"start":{"line":2,"column":0},"end":{"line":2,"column":78}},"2":{"start":{"line":3,"column":0},"end":{"line":3,"column":36}},"3":{"start":{"line":4,"column":0},"end":{"line":4,"column":30}},"4":{"start":{"line":20,"column":37},"end":{"line":20,"column":84}},"5":{"start":{"line":21,"column":35},"end":{"line":21,"column":68}},"6":{"start":{"line":23,"column":45},"end":{"line":27,"column":2}},"7":{"start":{"line":29,"column":39},"end":{"line":33,"column":2}},"8":{"start":{"line":35,"column":36},"end":{"line":184,"column":1}},"9":{"start":{"line":48,"column":19},"end":{"line":48,"column":47}},"10":{"start":{"line":49,"column":36},"end":{"line":49,"column":68}},"11":{"start":{"line":51,"column":30},"end":{"line":53,"column":26}},"12":{"start":{"line":55,"column":24},"end":{"line":61,"column":null}},"13":{"start":{"line":57,"column":6},"end":{"line":59,"column":7}},"14":{"start":{"line":58,"column":8},"end":{"line":58,"column":18}},"15":{"start":{"line":64,"column":2},"end":{"line":106,"column":30}},"16":{"start":{"line":65,"column":4},"end":{"line":96,"column":5}},"17":{"start":{"line":66,"column":6},"end":{"line":66,"column":80}},"18":{"start":{"line":67,"column":6},"end":{"line":67,"column":58}},"19":{"start":{"line":68,"column":6},"end":{"line":68,"column":32}},"20":{"start":{"line":70,"column":32},"end":{"line":71,"column":null}},"21":{"start":{"line":73,"column":6},"end":{"line":95,"column":7}},"22":{"start":{"line":74,"column":29},"end":{"line":74,"column":49}},"23":{"start":{"line":75,"column":28},"end":{"line":75,"column":75}},"24":{"start":{"line":76,"column":26},"end":{"line":88,"column":9}},"25":{"start":{"line":77,"column":10},"end":{"line":87,"column":11}},"26":{"start":{"line":78,"column":12},"end":{"line":86,"column":13}},"27":{"start":{"line":79,"column":14},"end":{"line":82,"column":15}},"28":{"start":{"line":80,"column":16},"end":{"line":80,"column":36}},"29":{"start":{"line":81,"column":16},"end":{"line":81,"column":35}},"30":{"start":{"line":83,"column":19},"end":{"line":86,"column":13}},"31":{"start":{"line":84,"column":14},"end":{"line":84,"column":35}},"32":{"start":{"line":85,"column":14},"end":{"line":85,"column":33}},"33":{"start":{"line":89,"column":8},"end":{"line":89,"column":56}},"34":{"start":{"line":90,"column":8},"end":{"line":94,"column":10}},"35":{"start":{"line":91,"column":10},"end":{"line":91,"column":65}},"36":{"start":{"line":92,"column":10},"end":{"line":92,"column":61}},"37":{"start":{"line":93,"column":10},"end":{"line":93,"column":53}},"38":{"start":{"line":97,"column":4},"end":{"line":105,"column":6}},"39":{"start":{"line":98,"column":6},"end":{"line":98,"column":61}},"40":{"start":{"line":99,"column":6},"end":{"line":104,"column":7}},"41":{"start":{"line":103,"column":8},"end":{"line":103,"column":50}},"42":{"start":{"line":108,"column":22},"end":{"line":114,"column":4}},"43":{"start":{"line":116,"column":28},"end":{"line":116,"column":85}},"44":{"start":{"line":117,"column":30},"end":{"line":121,"column":4}},"45":{"start":{"line":123,"column":2},"end":{"line":123,"column":27}},"46":{"start":{"line":123,"column":15},"end":{"line":123,"column":27}},"47":{"start":{"line":124,"column":2},"end":{"line":183,"column":4}},"48":{"start":{"line":143,"column":28},"end":{"line":143,"column":47}},"49":{"start":{"line":186,"column":0},"end":{"line":186,"column":21}}},"fnMap":{"0":{"name":"(anonymous_10)","decl":{"start":{"line":35,"column":36},"end":{"line":35,"column":37}},"loc":{"start":{"line":47,"column":5},"end":{"line":184,"column":1}}},"1":{"name":"(anonymous_11)","decl":{"start":{"line":56,"column":4},"end":{"line":56,"column":5}},"loc":{"start":{"line":56,"column":29},"end":{"line":60,"column":5}}},"2":{"name":"(anonymous_12)","decl":{"start":{"line":64,"column":12},"end":{"line":64,"column":15}},"loc":{"start":{"line":64,"column":17},"end":{"line":106,"column":3}}},"3":{"name":"(anonymous_13)","decl":{"start":{"line":76,"column":26},"end":{"line":76,"column":27}},"loc":{"start":{"line":76,"column":47},"end":{"line":88,"column":9}}},"4":{"name":"(anonymous_14)","decl":{"start":{"line":90,"column":15},"end":{"line":90,"column":18}},"loc":{"start":{"line":90,"column":20},"end":{"line":94,"column":9}}},"5":{"name":"(anonymous_15)","decl":{"start":{"line":97,"column":11},"end":{"line":97,"column":14}},"loc":{"start":{"line":97,"column":16},"end":{"line":105,"column":5}}},"6":{"name":"(anonymous_16)","decl":{"start":{"line":143,"column":21},"end":{"line":143,"column":22}},"loc":{"start":{"line":143,"column":28},"end":{"line":143,"column":47}}}},"branchMap":{"0":{"loc":{"start":{"line":39,"column":2},"end":{"line":39,"column":25}},"type":"default-arg","locations":[{"start":{"line":39,"column":12},"end":{"line":39,"column":25}}]},"1":{"loc":{"start":{"line":40,"column":2},"end":{"line":40,"column":37}},"type":"default-arg","locations":[{"start":{"line":40,"column":18},"end":{"line":40,"column":37}}]},"2":{"loc":{"start":{"line":43,"column":2},"end":{"line":43,"column":13}},"type":"default-arg","locations":[{"start":{"line":43,"column":9},"end":{"line":43,"column":13}}]},"3":{"loc":{"start":{"line":44,"column":2},"end":{"line":44,"column":24}},"type":"default-arg","locations":[{"start":{"line":44,"column":19},"end":{"line":44,"column":24}}]},"4":{"loc":{"start":{"line":45,"column":2},"end":{"line":45,"column":16}},"type":"default-arg","locations":[{"start":{"line":45,"column":14},"end":{"line":45,"column":16}}]},"5":{"loc":{"start":{"line":46,"column":2},"end":{"line":46,"column":30}},"type":"default-arg","locations":[{"start":{"line":46,"column":25},"end":{"line":46,"column":30}}]},"6":{"loc":{"start":{"line":51,"column":30},"end":{"line":53,"column":26}},"type":"cond-expr","locations":[{"start":{"line":52,"column":6},"end":{"line":52,"column":32}},{"start":{"line":53,"column":6},"end":{"line":53,"column":26}}]},"7":{"loc":{"start":{"line":57,"column":6},"end":{"line":59,"column":7}},"type":"if","locations":[{"start":{"line":57,"column":6},"end":{"line":59,"column":7}},{"start":{},"end":{}}]},"8":{"loc":{"start":{"line":65,"column":4},"end":{"line":96,"column":5}},"type":"if","locations":[{"start":{"line":65,"column":4},"end":{"line":96,"column":5}},{"start":{},"end":{}}]},"9":{"loc":{"start":{"line":73,"column":6},"end":{"line":95,"column":7}},"type":"if","locations":[{"start":{"line":73,"column":6},"end":{"line":95,"column":7}},{"start":{},"end":{}}]},"10":{"loc":{"start":{"line":73,"column":10},"end":{"line":73,"column":59}},"type":"binary-expr","locations":[{"start":{"line":73,"column":10},"end":{"line":73,"column":27}},{"start":{"line":73,"column":31},"end":{"line":73,"column":59}}]},"11":{"loc":{"start":{"line":77,"column":10},"end":{"line":87,"column":11}},"type":"if","locations":[{"start":{"line":77,"column":10},"end":{"line":87,"column":11}},{"start":{},"end":{}}]},"12":{"loc":{"start":{"line":78,"column":12},"end":{"line":86,"column":13}},"type":"if","locations":[{"start":{"line":78,"column":12},"end":{"line":86,"column":13}},{"start":{"line":83,"column":19},"end":{"line":86,"column":13}}]},"13":{"loc":{"start":{"line":79,"column":14},"end":{"line":82,"column":15}},"type":"if","locations":[{"start":{"line":79,"column":14},"end":{"line":82,"column":15}},{"start":{},"end":{}}]},"14":{"loc":{"start":{"line":83,"column":19},"end":{"line":86,"column":13}},"type":"if","locations":[{"start":{"line":83,"column":19},"end":{"line":86,"column":13}},{"start":{},"end":{}}]},"15":{"loc":{"start":{"line":99,"column":6},"end":{"line":104,"column":7}},"type":"if","locations":[{"start":{"line":99,"column":6},"end":{"line":104,"column":7}},{"start":{},"end":{}}]},"16":{"loc":{"start":{"line":100,"column":8},"end":{"line":101,"column":65}},"type":"binary-expr","locations":[{"start":{"line":100,"column":8},"end":{"line":100,"column":41}},{"start":{"line":101,"column":8},"end":{"line":101,"column":65}}]},"17":{"loc":{"start":{"line":116,"column":28},"end":{"line":116,"column":85}},"type":"cond-expr","locations":[{"start":{"line":116,"column":45},"end":{"line":116,"column":59}},{"start":{"line":116,"column":62},"end":{"line":116,"column":85}}]},"18":{"loc":{"start":{"line":123,"column":2},"end":{"line":123,"column":27}},"type":"if","locations":[{"start":{"line":123,"column":2},"end":{"line":123,"column":27}},{"start":{},"end":{}}]},"19":{"loc":{"start":{"line":126,"column":7},"end":{"line":180,"column":null}},"type":"binary-expr","locations":[{"start":{"line":126,"column":7},"end":{"line":126,"column":13}},{"start":{"line":127,"column":8},"end":{"line":179,"column":null}}]},"20":{"loc":{"start":{"line":132,"column":34},"end":{"line":132,"column":66}},"type":"cond-expr","locations":[{"start":{"line":132,"column":57},"end":{"line":132,"column":60}},{"start":{"line":132,"column":63},"end":{"line":132,"column":66}}]},"21":{"loc":{"start":{"line":174,"column":13},"end":{"line":177,"column":null}},"type":"binary-expr","locations":[{"start":{"line":174,"column":13},"end":{"line":174,"column":19}},{"start":{"line":175,"column":14},"end":{"line":176,"column":null}}]}},"s":{"0":1,"1":1,"2":1,"3":1,"4":1,"5":1,"6":1,"7":1,"8":1,"9":0,"10":0,"11":0,"12":0,"13":0,"14":0,"15":0,"16":0,"17":0,"18":0,"19":0,"20":0,"21":0,"22":0,"23":0,"24":0,"25":0,"26":0,"27":0,"28":0,"29":0,"30":0,"31":0,"32":0,"33":0,"34":0,"35":0,"36":0,"37":0,"38":0,"39":0,"40":0,"41":0,"42":0,"43":0,"44":0,"45":0,"46":0,"47":0,"48":0,"49":1},"f":{"0":0,"1":0,"2":0,"3":0,"4":0,"5":0,"6":0},"b":{"0":[0],"1":[0],"2":[0],"3":[0],"4":[0],"5":[0],"6":[0,0],"7":[0,0],"8":[0,0],"9":[0,0],"10":[0,0],"11":[0,0],"12":[0,0],"13":[0,0],"14":[0,0],"15":[0,0],"16":[0,0],"17":[0,0],"18":[0,0],"19":[0,0],"20":[0,0],"21":[0,0]}}
,"/Users/allisongattone/Documents/GitHub/ideaforge/src/components/icons.tsx": {"path":"/Users/allisongattone/Documents/GitHub/ideaforge/src/components/icons.tsx","statementMap":{"0":{"start":{"line":1,"column":0},"end":{"line":1,"column":26}},"1":{"start":{"line":2,"column":0},"end":{"line":2,"column":70}},"2":{"start":{"line":3,"column":0},"end":{"line":3,"column":null}},"3":{"start":{"line":41,"column":2},"end":{"line":5,"column":null}},"4":{"start":{"line":42,"column":2},"end":{"line":6,"column":null}},"5":{"start":{"line":43,"column":2},"end":{"line":7,"column":null}},"6":{"start":{"line":44,"column":2},"end":{"line":8,"column":null}},"7":{"start":{"line":45,"column":2},"end":{"line":9,"column":null}},"8":{"start":{"line":46,"column":2},"end":{"line":10,"column":null}},"9":{"start":{"line":47,"column":2},"end":{"line":11,"column":null}},"10":{"start":{"line":48,"column":2},"end":{"line":12,"column":null}},"11":{"start":{"line":49,"column":2},"end":{"line":13,"column":null}},"12":{"start":{"line":50,"column":2},"end":{"line":14,"column":null}},"13":{"start":{"line":51,"column":2},"end":{"line":15,"column":null}},"14":{"start":{"line":52,"column":2},"end":{"line":16,"column":null}},"15":{"start":{"line":53,"column":2},"end":{"line":17,"column":null}},"16":{"start":{"line":54,"column":2},"end":{"line":18,"column":null}},"17":{"start":{"line":55,"column":2},"end":{"line":19,"column":null}},"18":{"start":{"line":56,"column":2},"end":{"line":20,"column":null}},"19":{"start":{"line":57,"column":2},"end":{"line":21,"column":null}},"20":{"start":{"line":58,"column":2},"end":{"line":22,"column":null}},"21":{"start":{"line":59,"column":2},"end":{"line":23,"column":null}},"22":{"start":{"line":60,"column":2},"end":{"line":24,"column":null}},"23":{"start":{"line":61,"column":2},"end":{"line":25,"column":null}},"24":{"start":{"line":62,"column":2},"end":{"line":26,"column":null}},"25":{"start":{"line":63,"column":2},"end":{"line":27,"column":null}},"26":{"start":{"line":64,"column":2},"end":{"line":28,"column":null}},"27":{"start":{"line":65,"column":2},"end":{"line":29,"column":null}},"28":{"start":{"line":66,"column":2},"end":{"line":30,"column":null}},"29":{"start":{"line":67,"column":2},"end":{"line":31,"column":null}},"30":{"start":{"line":68,"column":2},"end":{"line":32,"column":null}},"31":{"start":{"line":35,"column":90},"end":{"line":38,"column":80}},"32":{"start":{"line":38,"column":7},"end":{"line":38,"column":79}},"33":{"start":{"line":35,"column":13},"end":{"line":35,"column":90}}},"fnMap":{"0":{"name":"(anonymous_1)","decl":{"start":{"line":41,"column":2},"end":{"line":41,"column":9}},"loc":{"start":{"line":41,"column":2},"end":{"line":5,"column":null}}},"1":{"name":"(anonymous_2)","decl":{"start":{"line":42,"column":2},"end":{"line":42,"column":14}},"loc":{"start":{"line":42,"column":2},"end":{"line":6,"column":null}}},"2":{"name":"(anonymous_3)","decl":{"start":{"line":43,"column":2},"end":{"line":43,"column":18}},"loc":{"start":{"line":43,"column":2},"end":{"line":7,"column":null}}},"3":{"name":"(anonymous_4)","decl":{"start":{"line":44,"column":2},"end":{"line":44,"column":16}},"loc":{"start":{"line":44,"column":2},"end":{"line":8,"column":null}}},"4":{"name":"(anonymous_5)","decl":{"start":{"line":45,"column":2},"end":{"line":45,"column":11}},"loc":{"start":{"line":45,"column":2},"end":{"line":9,"column":null}}},"5":{"name":"(anonymous_6)","decl":{"start":{"line":46,"column":2},"end":{"line":46,"column":11}},"loc":{"start":{"line":46,"column":2},"end":{"line":10,"column":null}}},"6":{"name":"(anonymous_7)","decl":{"start":{"line":47,"column":2},"end":{"line":47,"column":17}},"loc":{"start":{"li
[...]
{},"end":{}}]},"11":{"loc":{"start":{"line":118,"column":2},"end":{"line":122,"column":3}},"type":"if","locations":[{"start":{"line":118,"column":2},"end":{"line":122,"column":3}},{"start":{},"end":{}}]},"12":{"loc":{"start":{"line":119,"column":31},"end":{"line":119,"column":56}},"type":"binary-expr","locations":[{"start":{"line":119,"column":31},"end":{"line":119,"column":50}},{"start":{"line":119,"column":54},"end":{"line":119,"column":56}}]},"13":{"loc":{"start":{"line":131,"column":2},"end":{"line":135,"column":3}},"type":"if","locations":[{"start":{"line":131,"column":2},"end":{"line":135,"column":3}},{"start":{},"end":{}}]},"14":{"loc":{"start":{"line":132,"column":27},"end":{"line":132,"column":52}},"type":"binary-expr","locations":[{"start":{"line":132,"column":27},"end":{"line":132,"column":46}},{"start":{"line":132,"column":50},"end":{"line":132,"column":52}}]},"15":{"loc":{"start":{"line":147,"column":4},"end":{"line":147,"column":96}},"type":"if","locations":[{"start":{"line":147,"column":4},"end":{"line":147,"column":96}},{"start":{},"end":{}}]},"16":{"loc":{"start":{"line":151,"column":6},"end":{"line":154,"column":7}},"type":"if","locations":[{"start":{"line":151,"column":6},"end":{"line":154,"column":7}},{"start":{},"end":{}}]},"17":{"loc":{"start":{"line":151,"column":10},"end":{"line":151,"column":24}},"type":"binary-expr","locations":[{"start":{"line":151,"column":10},"end":{"line":151,"column":14}},{"start":{"line":151,"column":18},"end":{"line":151,"column":24}}]},"18":{"loc":{"start":{"line":164,"column":16},"end":{"line":164,"column":70}},"type":"cond-expr","locations":[{"start":{"line":164,"column":41},"end":{"line":164,"column":54}},{"start":{"line":164,"column":57},"end":{"line":164,"column":70}}]},"19":{"loc":{"start":{"line":180,"column":2},"end":{"line":182,"column":3}},"type":"if","locations":[{"start":{"line":180,"column":2},"end":{"line":182,"column":3}},{"start":{},"end":{}}]},"20":{"loc":{"start":{"line":181,"column":11},"end":{"line":181,"column":74}},"type":"binary-expr","locations":[{"start":{"line":181,"column":11},"end":{"line":181,"column":66}},{"start":{"line":181,"column":70},"end":{"line":181,"column":74}}]},"21":{"loc":{"start":{"line":205,"column":9},"end":{"line":205,"column":46}},"type":"cond-expr","locations":[{"start":{"line":205,"column":17},"end":{"line":205,"column":39}},{"start":{"line":205,"column":42},"end":{"line":205,"column":46}}]}},"s":{"0":2,"1":2,"2":2,"3":2,"4":2,"5":2,"6":2,"7":2,"8":2,"9":2,"10":2,"11":2,"12":2,"13":2,"14":2,"15":2,"16":2,"17":2,"18":2,"19":2,"20":2,"21":2,"22":2,"23":2,"24":2,"25":2,"26":0,"27":0,"28":0,"29":0,"30":0,"31":0,"32":0,"33":0,"34":0,"35":2,"36":2,"37":0,"38":2,"39":2,"40":0,"41":0,"42":0,"43":0,"44":0,"45":0,"46":2,"47":2,"48":0,"49":0,"50":2,"51":2,"52":0,"53":0,"54":0,"55":2,"56":2,"57":0,"58":0,"59":0,"60":2,"61":2,"62":0,"63":0,"64":0,"65":0,"66":0,"67":0,"68":0,"69":0,"70":2,"71":2,"72":0,"73":0,"74":0,"75":0,"76":2,"77":2,"78":0,"79":0,"80":0,"81":0,"82":0,"83":2,"84":2,"85":0,"86":0,"87":0,"88":0,"89":0,"90":2,"91":2,"92":0,"93":0,"94":0,"95":0,"96":0,"97":0,"98":2,"99":2,"100":0,"101":0,"102":0,"103":0,"104":0,"105":0,"106":0,"107":2,"108":2,"109":0,"110":2,"111":2,"112":0,"113":0,"114":0,"115":0,"116":0,"117":0,"118":0,"119":0,"120":0,"121":0,"122":0,"123":0,"124":0,"125":0,"126":0,"127":0,"128":0,"129":2,"130":2,"131":2,"132":0,"133":0,"134":0,"135":0,"136":0,"137":0,"138":0,"139":0,"140":0,"141":2,"142":2,"143":0,"144":0,"145":0,"146":0},"f":{"0":0,"1":0,"2":0,"3":0,"4":0,"5":0,"6":0,"7":0,"8":0,"9":0,"10":0,"11":0,"12":0,"13":0,"14":0,"15":0,"16":0,"17":0,"18":0,"19":0,"20":0,"21":0,"22":0,"23":0,"24":0,"25":0,"26":0,"27":2,"28":0,"29":0,"30":0},"b":{"0":[0,0],"1":[0,0],"2":[0,0],"3":[0,0],"4":[0,0],"5":[0,0],"6":[0,0],"7":[0,0],"8":[0,0],"9":[0,0],"10":[0,0],"11":[0,0],"12":[0,0],"13":[0,0],"14":[0,0],"15":[0,0],"16":[0,0],"17":[0,0],"18":[0,0],"19":[0,0],"20":[0,0],"21":[0,0]}}
,"/Users/allisongattone/Documents/GitHub/ideaforge/src/services/metadataService.ts": {"path":"/Users/allisongattone/Documents/GitHub/ideaforge/src/services/metadataService.ts","statementMap":{"0":{"start":{"line":36,"column":0},"end":{"line":36,"column":16}},"1":{"start":{"line":3,"column":0},"end":{"line":3,"column":66}},"2":{"start":{"line":6,"column":36},"end":{"line":33,"column":1}},"3":{"start":{"line":7,"column":2},"end":{"line":32,"column":3}},"4":{"start":{"line":8,"column":21},"end":{"line":8,"column":50}},"5":{"start":{"line":9,"column":4},"end":{"line":11,"column":5}},"6":{"start":{"line":10,"column":6},"end":{"line":10,"column":98}},"7":{"start":{"line":12,"column":21},"end":{"line":12,"column":42}},"8":{"start":{"line":15,"column":29},"end":{"line":15,"column":66}},"9":{"start":{"line":17,"column":4},"end":{"line":23,"column":5}},"10":{"start":{"line":18,"column":6},"end":{"line":18,"column":84}},"11":{"start":{"line":19,"column":28},"end":{"line":21,"column":19}},"12":{"start":{"line":20,"column":22},"end":{"line":20,"column":75}},"13":{"start":{"line":22,"column":6},"end":{"line":22,"column":75}},"14":{"start":{"line":25,"column":4},"end":{"line":25,"column":33}},"15":{"start":{"line":27,"column":4},"end":{"line":27,"column":71}},"16":{"start":{"line":28,"column":4},"end":{"line":30,"column":5}},"17":{"start":{"line":29,"column":6},"end":{"line":29,"column":18}},"18":{"start":{"line":31,"column":4},"end":{"line":31,"column":81}},"19":{"start":{"line":6,"column":13},"end":{"line":6,"column":36}},"20":{"start":{"line":37,"column":2},"end":{"line":42,"column":4}}},"fnMap":{"0":{"name":"(anonymous_0)","decl":{"start":{"line":6,"column":36},"end":{"line":6,"column":41}},"loc":{"start":{"line":6,"column":69},"end":{"line":33,"column":1}}},"1":{"name":"(anonymous_1)","decl":{"start":{"line":20,"column":13},"end":{"line":20,"column":14}},"loc":{"start":{"line":20,"column":22},"end":{"line":20,"column":75}}},"2":{"name":"getMetadata","decl":{"start":{"line":36,"column":16},"end":{"line":36,"column":27}},"loc":{"start":{"line":36,"column":27},"end":{"line":43,"column":1}}}},"branchMap":{"0":{"loc":{"start":{"line":9,"column":4},"end":{"line":11,"column":5}},"type":"if","locations":[{"start":{"line":9,"column":4},"end":{"line":11,"column":5}},{"start":{},"end":{}}]},"1":{"loc":{"start":{"line":17,"column":4},"end":{"line":23,"column":5}},"type":"if","locations":[{"start":{"line":17,"column":4},"end":{"line":23,"column":5}},{"start":{},"end":{}}]},"2":{"loc":{"start":{"line":20,"column":25},"end":{"line":20,"column":57}},"type":"binary-expr","locations":[{"start":{"line":20,"column":25},"end":{"line":20,"column":43}},{"start":{"line":20,"column":47},"end":{"line":20,"column":57}}]},"3":{"loc":{"start":{"line":28,"column":4},"end":{"line":30,"column":5}},"type":"if","locations":[{"start":{"line":28,"column":4},"end":{"line":30,"column":5}},{"start":{},"end":{}}]}},"s":{"0":1,"1":1,"2":1,"3":12,"4":12,"5":11,"6":1,"7":10,"8":9,"9":9,"10":7,"11":7,"12":7,"13":7,"14":2,"15":10,"16":10,"17":10,"18":0,"19":1,"20":1},"f":{"0":12,"1":7,"2":1},"b":{"0":[1,10],"1":[7,2],"2":[7,0],"3":[10,0]}}
,"/Users/allisongattone/Documents/GitHub/ideaforge/src/services/settingsService.ts": {"path":"/Users/allisongattone/Documents/GitHub/ideaforge/src/services/settingsService.ts","statementMap":{"0":{"start":{"line":3,"column":24},"end":{"line":3,"column":59}},"1":{"start":{"line":4,"column":40},"end":{"line":4,"column":80}},"2":{"start":{"line":7,"column":25},"end":{"line":7,"column":50}},"3":{"start":{"line":8,"column":33},"end":{"line":8,"column":66}},"4":{"start":{"line":9,"column":31},"end":{"line":9,"column":62}},"5":{"start":{"line":10,"column":27},"end":{"line":10,"column":54}},"6":{"start":{"line":11,"column":25},"end":{"line":11,"column":50}},"7":{"start":{"line":14,"column":28},"end":{"line":14,"column":89}},"8":{"start":{"line":14,"column":43},"end":{"line":14,"column":89}},"9":{"start":{"line":14,"column":13},"end":{"line":14,"column":28}},"10":{"start":{"line":15,"column":33},"end":{"line":17,"column":1}},"11":{"start":{"line":16,"column":2},"end":{"line":16,"column":48}},"12":{"start":{"line":15,"column":13},"end":{"line":15,"column":33}},"13":{"start":{"line":19,"column":52},"end":{"line":20,"column":66}},"14":{"start":{"line":20,"column":2},"end":{"line":20,"column":66}},"15":{"start":{"line":19,"column":13},"end":{"line":19,"column":52}},"16":{"start":{"line":21,"column":52},"end":{"line":23,"column":1}},"17":{"start":{"line":22,"column":2},"end":{"line":22,"column":70}},"18":{"start":{"line":21,"column":13},"end":{"line":21,"column":52}},"19":{"start":{"line":26,"column":30},"end":{"line":26,"column":95}},"20":{"start":{"line":26,"column":44},"end":{"line":26,"column":95}},"21":{"start":{"line":26,"column":13},"end":{"line":26,"column":30}},"22":{"start":{"line":27,"column":30},"end":{"line":33,"column":1}},"23":{"start":{"line":28,"column":2},"end":{"line":28,"column":48}},"24":{"start":{"line":29,"column":15},"end":{"line":29,"column":39}},"25":{"start":{"line":30,"column":2},"end":{"line":30,"column":58}},"26":{"start":{"line":31,"column":14},"end":{"line":31,"column":37}},"27":{"start":{"line":32,"column":2},"end":{"line":32,"column":54}},"28":{"start":{"line":27,"column":13},"end":{"line":27,"column":30}},"29":{"start":{"line":35,"column":37},"end":{"line":38,"column":1}},"30":{"start":{"line":36,"column":17},"end":{"line":36,"column":63}},"31":{"start":{"line":37,"column":2},"end":{"line":37,"column":41}},"32":{"start":{"line":35,"column":13},"end":{"line":35,"column":37}},"33":{"start":{"line":39,"column":37},"end":{"line":42,"column":1}},"34":{"start":{"line":40,"column":2},"end":{"line":40,"column":69}},"35":{"start":{"line":41,"column":2},"end":{"line":41,"column":96}},"36":{"start":{"line":39,"column":13},"end":{"line":39,"column":37}},"37":{"start":{"line":44,"column":35},"end":{"line":45,"column":57}},"38":{"start":{"line":45,"column":2},"end":{"line":45,"column":57}},"39":{"start":{"line":44,"column":13},"end":{"line":44,"column":35}},"40":{"start":{"line":46,"column":35},"end":{"line":51,"column":1}},"41":{"start":{"line":47,"column":2},"end":{"line":47,"column":64}},"42":{"start":{"line":48,"column":15},"end":{"line":48,"column":39}},"43":{"start":{"line":49,"column":2},"end":{"line":50,"column":50}},"44":{"start":{"line":49,"column":15},"end":{"line":49,"column":63}},"45":{"start":{"line":50,"column":7},"end":{"line":50,"column":50}},"46":{"start":{"line":46,"column":13},"end":{"line":46,"column":35}},"47":{"start":{"line":53,"column":32},"end":{"line":53,"column":98}},"48":{"start":{"line":53,"column":47},"end":{"line":53,"column":98}},"49":{"start":{"line":53,"column":13},"end":{"line":53,"column":32}},"50":{"start":{"line":54,"column":32},"end":{"line":59,"column":1}},"51":{"start":{"line":55,"column":2},"end":{"line":55,"column":60}},"52":{"start":{"line":56,"column":15},"end":{"line":56,"column":39}},"53":{"start":{"line":57,"column":2},"end":{"line":58,"column":51}},"54":{"start":{"line":57,"column":15},"end":{"line":57,"column":64}},"55":{"start":{"line":58,"column":7},"end":{"line":58,"column":51}},"56":{"start":{"line":54,"column":13},"end":{"line":54,"column":32}},"57":{"start":{"line":61,"column":30},"end":{"line":62,"column":82}},"58":{"start":{"line":62,"column":3},"end":{"line":62,"column":82}},"59":{"start":{"line":61,"column":13},"end":{"line":61,"column":30}},"60":{"start":{"line":63,"column":30},"end":{"line":66,"column":1}},"61":{"start":{"line":64,"column":2},"end":{"line":64,"column":50}},"62":{"start":{"line":65,"column":2},"end":{"line":65,"column":70}},"63":{"start":{"line":63,"column":13},"end":{"line":63,"column":30}},"64":{"start":{"line":68,"column":45},"end":{"line":74,"column":1}},"65":{"start":{"line":69,"column":2},"end":{"line":69,"column":35}},"66":{"start":{"line":70,"column":2},"end":{"line":70,"column":49}},"67":{"start":{"line":71,"column":2},"end":{"line":71,"column":45}},"68":{"start":{"line":72,"column":2},"end":{"line":72,"column":39}},"69":{"start":{"line":73,"column":2},"end":{"line":73,"column":35}},"70":{"start":{"line":68,"column":13},"end":{"line":68,"column":45}},"71":{"start":{"line":78,"column":14},"end":{"line":78,"column":69}},"72":{"start":{"line":79,"column":2},"end":{"line":84,"column":3}},"73":{"start":{"line":80,"column":4},"end":{"line":83,"column":16}},"74":{"start":{"line":82,"column":18},"end":{"line":82,"column":23}},"75":{"start":{"line":85,"column":2},"end":{"line":85,"column":43}},"76":{"start":{"line":85,"column":26},"end":{"line":85,"column":43}},"77":{"start":{"line":86,"column":12},"end":{"line":86,"column":47}},"78":{"start":{"line":87,"column":12},"end":{"line":87,"column":47}},"79":{"start":{"line":88,"column":12},"end":{"line":88,"column":47}},"80":{"start":{"line":89,"column":2},"end":{"line":89,"column":28}}},"fnMap":{"0":{"name":"(anonymous_0)","decl":{"start":{"line":14,"column":28},"end":{"line":14,"column":40}},"loc":{"start":{"line":14,"column":43},"end":{"line":14,"column":89}}},"1":{"name":"(anonymous_1)","decl":{"start":{"line":15,"column":33},"end":{"line":15,"column":42}},"loc":{"start":{"line":15,"column":44},"end":{"line":17,"column":1}}},"2":{"name":"(anonymous_2)","decl":{"start":{"line":19,"column":52},"end":{"line":19,"column":64}},"loc":{"start":{"line":20,"column":2},"end":{"line":20,"column":66}}},"3":{"name":"(anonymous_3)","decl":{"start":{"line":21,"column":52},"end":{"line":21,"column":53}},"loc":{"start":{"line":21,"column":76},"end":{"line":23,"column":1}}},"4":{"name":"(anonymous_4)","decl":{"start":{"line":26,"column":30},"end":{"line":26,"column":41}},"loc":{"start":{"line":26,"column":44},"end":{"line":26,"column":95}}},"5":{"name":"(anonymous_5)","decl":{"start":{"line":27,"column":30},"end":{"line":27,"column":31}},"loc":{"start":{"line":27,"column":54},"end":{"line":33,"column":1}}},"6":{"name":"(anonymous_6)","decl":{"start":{"line":35,"column":37},"end":{"line":35,"column":48}},"loc":{"start":{"line":35,"column":50},"end":{"line":38,"column":1}}},"7":{"name":"(anonymous_7)","decl":{"start":{"line":39,"column":37},"end":{"line":39,"column":38}},"loc":{"start":{"line":39,"column":66},"end":{"line":42,"column":1}}},"8":{"name":"(anonymous_8)","decl":{"start":{"line":44,"column":35},"end":{"line":44,"column":47}},"loc":{"start":{"line":45,"column":2},"end":{"line":45,"column":57}}},"9":{"name":"(anonymous_9)","decl":{"start":{"line":46,"column":35},"end":{"line":46,"column":36}},"loc":{"start":{"line":46,"column":62},"end":{"line":51,"column":1}}},"10":{"name":"(anonymous_10)","decl":{"start":{"line":53,"column":32},"end":{"line":53,"column":44}},"loc":{"start":{"line":53,"column":47},"end":{"line":53,"column":98}}},"11":{"name":"(anonymous_11)","decl":{"start":{"line":54,"column":32},"end":{"line":54,"column":33}},"loc":{"start":{"line":54,"column":59},"end":{"line":59,"column":1}}},"12":{"name":"(anonymous_12)","decl":{"start":{"line":61,"column":30},"end":{"line":61,"column":57}},"loc":{"start":{"line":62,"column":3},"end":{"line":62,"column":82}}},"13":{"name":"(anonymous_13)","decl":{"start":{"line":63,"column":30},"end":{"line":63,"column":31}},"loc":{"start":{"line":63,"column":72},"end":{"line":66,"column":1}}},"14":{"name":"(anonymous_14)","decl":{"start":{"line":68,"column":45},"end":{"line":68,"column":54}},"loc":{"start":{"line":68,"column":56},"end":{"line":74,"column":1}}},"15":{"name":"getRGBComponents","decl":{"start":{"line":77,"column":9},"end":{"line":77,"column":25}},"loc":{"start":{"line":77,"column":42},"end":{"line":90,"column":1}}},"16":{"name":"(anonymous_16)","decl":{"start":{"line":82,"column":11},"end":{"line":82,"column":12}},"loc":{"start":{"line":82,"column":18},"end":{"line":82,"column":23}}}},"branchMap":{"0":{"loc":{"start":{"line":26,"column":44},"end":{"line":26,"column":95}},"type":"binary-expr","locations":[{"start":{"line":26,"column":44},"end":{"line":26,"column":82}},{"start":{"line":26,"column":86},"end":{"line":26,"column":95}}]},"1":{"loc":{"start":{"line":37,"column":9},"end":{"line":37,"column":40}},"type":"cond-expr","locations":[{"start":{"line":37,"column":18},"end":{"line":37,"column":36}},{"start":{"line":37,"column":39},"end":{"line":37,"column":40}}]},"2":{"loc":{"start":{"line":49,"column":2},"end":{"line":50,"column":50}},"type":"if","locations":[{"start":{"line":49,"column":2},"end":{"line":50,"column":50}},{"start":{"line":50,"column":7},"end":{"line":50,"column":50}}]},"3":{"loc":{"start":{"line":57,"column":2},"end":{"line":58,"column":51}},"type":"if","locations":[{"start":{"line":57,"column":2},"end":{"line":58,"column":51}},{"start":{"line":58,"column":7},"end":{"line":58,"column":51}}]},"4":{"loc":{"start":{"line":62,"column":3},"end":{"line":62,"column":82}},"type":"binary-expr","locations":[{"start":{"line":62,"column":3},"end":{"line":62,"column":68}},{"start":{"line":62,"column":72},"end":{"line":62,"column":82}}]},"5":{"loc":{"start":{"line":78,"column":14},"end":{"line":78,"column":69}},"type":"cond-expr","locations":[{"start":{"line":78,"column":41},"end":{"line":78,"column":58}},{"start":{"line":78,"column":61},"end":{"line":78,"column":69}}]},"6":{"loc":{"start":{"line":79,"column":2},"end":{"line":84,"column":3}},"type":"if","locations":[{"start":{"line":79,"column":2},"end":{"line":84,"column":3}},{"start":{},"end":{}}]},"7":{"loc":{"start":{"line":85,"column":2},"end":{"line":85,"column":43}},"type":"if","locations":[{"start":{"line":85,"column":2},"end":{"line":85,"column":43}},{"start":{},"end":{}}]}},"s":{"0":2,"1":2,"2":2,"3":2,"4":2,"5":2,"6":2,"7":2,"8":0,"9":2,"10":2,"11":0,"12":2,"13":2,"14":0,"15":2,"16":2,"17":0,"18":2,"19":2,"20":0,"21":2,"22":2,"23":0,"24":0,"25":0,"26":0,"27":0,"28":2,"29":2,"30":0,"31":0,"32":2,"33":2,"34":0,"35":0,"36":2,"37":2,"38":0,"39":2,"40":2,"41":0,"42":0,"43":0,"44":0,"45":0,"46":2,"47":2,"48":0,"49":2,"50":2,"51":0,"52":0,"53":0,"54":0,"55":0,"56":2,"57":2,"58":0,"59":2,"60":2,"61":0,"62":0,"63":2,"64":2,"65":0,"66":0,"67":0,"68":0,"69":0,"70":2,"71":0,"72":0,"73":0,"74":0,"75":0,"76":0,"77":0,"78":0,"79":0,"80":0},"f":{"0":0,"1":0,"2":0,"3":0,"4":0,"5":0,"6":0,"7":0,"8":0,"9":0,"10":0,"11":0,"12":0,"13":0,"14":0,"15":0,"16":0},"b":{"0":[0,0],"1":[0,0],"2":[0,0],"3":[0,0],"4":[0,0],"5":[0,0],"6":[0,0],"7":[0,0]}}
,"/Users/allisongattone/Documents/GitHub/ideaforge/src/styles/theme.ts": {"path":"/Users/allisongattone/Documents/GitHub/ideaforge/src/styles/theme.ts","statementMap":{"0":{"start":{"line":1,"column":13},"end":{"line":16,"column":2}}},"fnMap":{},"branchMap":{},"s":{"0":1},"f":{},"b":{}}
,"/Users/allisongattone/Documents/GitHub/ideaforge/src/types/Metadata.ts": {"path":"/Users/allisongattone/Documents/GitHub/ideaforge/src/types/Metadata.ts","statementMap":{"0":{"start":{"line":3,"column":0},"end":{"line":3,"column":24}},"1":{"start":{"line":6,"column":13},"end":{"line":11,"column":3}}},"fnMap":{},"branchMap":{},"s":{"0":1,"1":1},"f":{},"b":{}}
,"/Users/allisongattone/Documents/GitHub/ideaforge/src/utils/env.ts": {"path":"/Users/allisongattone/Documents/GitHub/ideaforge/src/utils/env.ts","statementMap":{"0":{"start":{"line":2,"column":0},"end":{"line":2,"column":24}},"1":{"start":{"line":4,"column":18},"end":{"line":6,"column":2}},"2":{"start":{"line":8,"column":18},"end":{"line":8,"column":46}},"3":{"start":{"line":10,"column":13},"end":{"line":10,"column":49}},"4":{"start":{"line":12,"column":13},"end":{"line":12,"column":62}}},"fnMap":{},"branchMap":{"0":{"loc":{"start":{"line":10,"column":23},"end":{"line":10,"column":48}},"type":"binary-expr","locations":[{"start":{"line":10,"column":23},"end":{"line":10,"column":42}},{"start":{"line":10,"column":46},"end":{"line":10,"column":48}}]},"1":{"loc":{"start":{"line":12,"column":24},"end":{"line":12,"column":61}},"type":"binary-expr","locations":[{"start":{"line":12,"column":24},"end":{"line":12,"column":44}},{"start":{"line":12,"column":48},"end":{"line":12,"column":61}}]}},"s":{"0":2,"1":2,"2":2,"3":2,"4":2},"f":{},"b":{"0":[2,2],"1":[2,0]}}
}
