TN:
SF:src/App.tsx
FN:17,(anonymous_10)
FN:17,(anonymous_11)
FN:18,(anonymous_12)
FN:18,(anonymous_13)
FN:21,(anonymous_14)
FN:21,(anonymous_15)
FN:22,(anonymous_16)
FN:22,(anonymous_17)
FN:23,(anonymous_18)
FN:23,(anonymous_19)
FN:24,(anonymous_20)
FN:24,(anonymous_21)
FN:25,(anonymous_22)
FN:25,(anonymous_23)
FN:26,(anonymous_24)
FN:26,(anonymous_25)
FN:28,(anonymous_26)
FN:53,(anonymous_27)
FN:58,(anonymous_28)
FN:66,(anonymous_29)
FN:72,(anonymous_30)
FN:74,(anonymous_31)
FN:79,(anonymous_32)
FN:80,(anonymous_33)
FN:80,(anonymous_34)
FN:83,(anonymous_35)
FN:85,(anonymous_36)
FN:98,(anonymous_37)
FN:101,(anonymous_38)
FN:108,(anonymous_39)
FN:118,(anonymous_40)
FN:125,(anonymous_41)
FN:147,(anonymous_42)
FN:148,(anonymous_43)
FN:160,(anonymous_44)
FN:161,(anonymous_45)
FN:173,(anonymous_46)
FN:182,(anonymous_47)
FN:193,(anonymous_48)
FN:200,(anonymous_49)
FN:249,(anonymous_50)
FN:294,(anonymous_51)
FN:306,(anonymous_52)
FN:322,(anonymous_53)
FN:325,(anonymous_54)
FN:335,(anonymous_55)
FN:342,(anonymous_56)
FN:353,(anonymous_57)
FNF:48
FNH:1
FNDA:0,(anonymous_10)
FNDA:0,(anonymous_11)
FNDA:0,(anonymous_12)
FNDA:0,(anonymous_13)
FNDA:0,(anonymous_14)
FNDA:0,(anonymous_15)
FNDA:0,(anonymous_16)
FNDA:0,(anonymous_17)
FNDA:0,(anonymous_18)
FNDA:0,(anonymous_19)
FNDA:0,(anonymous_20)
FNDA:0,(anonymous_21)
FNDA:0,(anonymous_22)
FNDA:0,(anonymous_23)
FNDA:0,(anonymous_24)
FNDA:0,(anonymous_25)
FNDA:21,(anonymous_26)
FNDA:0,(anonymous_27)
FNDA:0,(anonymous_28)
FNDA:0,(anonymous_29)
FNDA:0,(anonymous_30)
FNDA:0,(anonymous_31)
FNDA:0,(anonymous_32)
FNDA:0,(anonymous_33)
FNDA:0,(anonymous_34)
FNDA:0,(anonymous_35)
FNDA:0,(anonymous_36)
FNDA:0,(anonymous_37)
FNDA:0,(anonymous_38)
FNDA:0,(anonymous_39)
FNDA:0,(anonymous_40)
FNDA:0,(anonymous_41)
FNDA:0,(anonymous_42)
FNDA:0,(anonymous_43)
FNDA:0,(anonymous_44)
FNDA:0,(anonymous_45)
FNDA:0,(anonymous_46)
FNDA:0,(anonymous_47)
FNDA:0,(anonymous_48)
FNDA:0,(anonymous_49)
FNDA:0,(anonymous_50)
FNDA:0,(anonymous_51)
FNDA:0,(anonymous_52)
FNDA:0,(anonymous_53)
FNDA:0,(anonymous_54)
FNDA:0,(anonymous_55)
FNDA:0,(anonymous_56)
FNDA:0,(anonymous_57)
DA:1,1
DA:2,1
DA:3,1
DA:4,1
DA:5,1
DA:6,1
DA:7,1
DA:9,1
DA:14,1
DA:17,1
DA:18,1
DA:21,1
DA:22,1
DA:23,1
DA:24,1
DA:25,1
DA:26,1
DA:28,1
DA:30,21
DA:31,20
DA:34,20
DA:35,20
DA:36,20
DA:37,20
DA:38,20
DA:41,20
DA:49,20
DA:50,0
DA:53,0
DA:54,0
DA:55,0
DA:58,0
DA:59,0
DA:60,0
DA:61,0
DA:66,0
DA:67,0
DA:68,0
DA:71,0
DA:73,0
DA:74,0
DA:79,0
DA:80,0
DA:83,0
DA:85,0
DA:86,0
DA:87,0
DA:89,0
DA:90,0
DA:92,0
DA:93,0
DA:97,0
DA:98,0
DA:101,0
DA:102,0
DA:103,0
DA:104,0
DA:108,0
DA:109,0
DA:110,0
DA:111,0
DA:112,0
DA:114,0
DA:115,0
DA:118,0
DA:119,0
DA:120,0
DA:124,0
DA:126,0
DA:135,0
DA:136,0
DA:137,0
DA:138,0
DA:139,0
DA:140,0
DA:146,0
DA:148,0
DA:149,0
DA:151,0
DA:152,0
DA:153,0
DA:159,0
DA:161,0
DA:162,0
DA:163,0
DA:164,0
DA:165,0
DA:166,0
DA:172,0
DA:174,0
DA:175,0
DA:176,0
DA:182,0
DA:183,0
DA:185,0
DA:189,0
DA:194,0
DA:195,0
DA:201,0
DA:202,0
DA:207,0
DA:208,0
DA:209,0
DA:211,0
DA:223,0
DA:224,0
DA:225,0
DA:227,0
DA:238,0
DA:249,0
DA:252,0
DA:294,0
DA:306,0
DA:322,0
DA:325,0
DA:335,0
DA:342,0
DA:353,0
DA:366,1
LF:119
LH:28
BRDA:59,0,0,0
BRDA:59,0,1,0
BRDA:72,1,0,0
BRDA:87,2,0,0
BRDA:87,2,1,0
BRDA:98,3,0,0
BRDA:98,3,1,0
BRDA:109,4,0,0
BRDA:109,4,1,0
BRDA:149,5,0,0
BRDA:149,5,1,0
BRDA:183,6,0,0
BRDA:183,6,1,0
BRDA:183,6,2,0
BRDA:183,6,3,0
BRDA:183,6,4,0
BRDA:207,7,0,0
BRDA:207,7,1,0
BRDA:223,8,0,0
BRDA:223,8,1,0
BRDA:229,9,0,0
BRDA:229,9,1,0
BRDA:287,10,0,0
BRDA:287,10,1,0
BRDA:339,11,0,0
BRDA:339,11,1,0
BRF:26
BRH:0
end_of_record
TN:
SF:src/components/AppHeader.tsx
FN:6,(anonymous_1)
FN:9,(anonymous_2)
FNF:2
FNH:0
FNDA:0,(anonymous_1)
FNDA:0,(anonymous_2)
DA:1,1
DA:2,1
DA:3,1
DA:4,1
DA:6,1
DA:7,0
DA:9,0
DA:10,0
DA:13,0
DA:15,0
DA:25,1
LF:11
LH:6
BRDA:10,0,0,0
BRDA:10,0,1,0
BRDA:13,1,0,0
BRDA:13,1,1,0
BRF:4
BRH:0
end_of_record
TN:
SF:src/components/Button.tsx
FN:14,(anonymous_1)
FN:138,(anonymous_2)
FNF:2
FNH:1
FNDA:11,(anonymous_1)
FNDA:0,(anonymous_2)
DA:1,2
DA:2,2
DA:14,2
DA:26,11
DA:34,11
DA:67,11
DA:75,11
DA:77,11
DA:84,11
DA:86,11
DA:136,2
DA:138,2
DA:139,0
LF:13
LH:12
BRDA:16,0,0,11
BRDA:17,1,0,8
BRDA:18,2,0,8
BRDA:21,3,0,10
BRDA:22,4,0,9
BRDA:23,5,0,11
BRDA:75,6,0,0
BRDA:75,6,1,11
BRDA:77,7,0,0
BRDA:77,7,1,11
BRDA:80,8,0,0
BRDA:80,8,1,11
BRDA:80,9,0,11
BRDA:80,9,1,11
BRDA:84,10,0,11
BRDA:84,10,1,9
BRDA:88,11,0,11
BRDA:88,11,1,11
BRDA:95,12,0,1
BRDA:95,12,1,10
BRDA:119,13,0,10
BRDA:119,13,1,1
BRDA:120,14,0,1
BRDA:120,14,1,0
BRDA:125,15,0,10
BRDA:125,15,1,1
BRDA:126,16,0,1
BRDA:126,16,1,0
BRF:28
BRH:23
end_of_record
TN:
SF:src/components/ErrorBoundary.tsx
FN:18,(anonymous_10)
FN:33,(anonymous_11)
FN:23,(anonymous_12)
FN:27,(anonymous_13)
FN:37,(anonymous_14)
FNF:5
FNH:4
FNDA:2,(anonymous_10)
FNDA:0,(anonymous_11)
FNDA:1,(anonymous_12)
FNDA:1,(anonymous_13)
FNDA:3,(anonymous_14)
DA:3,1
DA:4,1
DA:5,1
DA:19,2
DA:20,1
DA:24,1
DA:29,1
DA:30,1
DA:33,1
DA:34,0
DA:38,3
DA:39,2
DA:71,1
DA:75,1
LF:14
LH:13
BRDA:38,0,0,2
BRDA:38,0,1,1
BRDA:56,1,0,2
BRDA:56,1,1,0
BRDA:56,1,2,0
BRF:5
BRH:3
end_of_record
TN:
SF:src/components/IdeaEditor.tsx
FN:19,(anonymous_9)
FN:19,(anonymous_10)
FN:20,(anonymous_11)
FN:20,(anonymous_12)
FN:21,(anonymous_13)
FN:21,(anonymous_14)
FN:22,(anonymous_15)
FN:22,(anonymous_16)
FN:23,(anonymous_17)
FN:23,(anonymous_18)
FN:25,(anonymous_19)
FN:25,(anonymous_20)
FN:50,(anonymous_21)
FN:82,(anonymous_22)
FN:86,(anonymous_23)
FN:87,(anonymous_24)
FN:90,(anonymous_25)
FN:108,(anonymous_26)
FN:129,(anonymous_27)
FN:160,(anonymous_28)
FN:172,(anonymous_29)
FN:183,(anonymous_30)
FN:206,(anonymous_31)
FN:220,(anonymous_32)
FN:235,(anonymous_33)
FN:236,(anonymous_34)
FN:242,(anonymous_35)
FN:259,(anonymous_36)
FN:269,(anonymous_37)
FN:271,(anonymous_38)
FN:317,(anonymous_39)
FN:326,(anonymous_40)
FN:327,(anonymous_41)
FN:328,(anonymous_42)
FN:329,(anonymous_43)
FN:342,(anonymous_44)
FN:361,(anonymous_45)
FN:381,(anonymous_46)
FN:392,(anonymous_47)
FN:393,(anonymous_48)
FN:397,(anonymous_49)
FN:430,(anonymous_50)
FNF:42
FNH:0
FNDA:0,(anonymous_9)
FNDA:0,(anonymous_10)
FNDA:0,(anonymous_11)
FNDA:0,(anonymous_12)
FNDA:0,(anonymous_13)
FNDA:0,(anonymous_14)
FNDA:0,(anonymous_15)
FNDA:0,(anonymous_16)
FNDA:0,(anonymous_17)
FNDA:0,(anonymous_18)
FNDA:0,(anonymous_19)
FNDA:0,(anonymous_20)
FNDA:0,(anonymous_21)
FNDA:0,(anonymous_22)
FNDA:0,(anonymous_23)
FNDA:0,(anonymous_24)
FNDA:0,(anonymous_25)
FNDA:0,(anonymous_26)
FNDA:0,(anonymous_27)
FNDA:0,(anonymous_28)
FNDA:0,(anonymous_29)
FNDA:0,(anonymous_30)
FNDA:0,(anonymous_31)
FNDA:0,(anonymous_32)
FNDA:0,(anonymous_33)
FNDA:0,(anonymous_34)
FNDA:0,(anonymous_35)
FNDA:0,(anonymous_36)
FNDA:0,(anonymous_37)
FNDA:0,(anonymous_38)
FNDA:0,(anonymous_39)
FNDA:0,(anonymous_40)
FNDA:0,(anonymous_41)
FNDA:0,(anonymous_42)
FNDA:0,(anonymous_43)
FNDA:0,(anonymous_44)
FNDA:0,(anonymous_45)
FNDA:0,(anonymous_46)
FNDA:0,(anonymous_47)
FNDA:0,(anonymous_48)
FNDA:0,(anonymous_49)
FNDA:0,(anonymous_50)
DA:1,1
DA:2,1
DA:5,1
DA:19,1
DA:20,1
DA:21,1
DA:22,1
DA:23,1
DA:25,1
DA:35,1
DA:46,1
DA:47,1
DA:48,1
DA:50,1
DA:57,0
DA:61,0
DA:62,0
DA:63,0
DA:64,0
DA:65,0
DA:66,0
DA:67,0
DA:68,0
DA:70,0
DA:82,0
DA:83,0
DA:86,0
DA:87,0
DA:90,0
DA:91,0
DA:92,0
DA:93,0
DA:95,0
DA:96,0
DA:100,0
DA:101,0
DA:103,0
DA:104,0
DA:105,0
DA:108,0
DA:109,0
DA:110,0
DA:111,0
DA:113,0
DA:114,0
DA:115,0
DA:121,0
DA:125,0
DA:129,0
DA:130,0
DA:131,0
DA:132,0
DA:134,0
DA:135,0
DA:136,0
DA:138,0
DA:139,0
DA:143,0
DA:145,0
DA:149,0
DA:151,0
DA:155,0
DA:157,0
DA:160,0
DA:161,0
DA:162,0
DA:163,0
DA:165,0
DA:166,0
DA:167,0
DA:169,0
DA:170,0
DA:171,0
DA:172,0
DA:173,0
DA:175,0
DA:180,0
DA:183,0
DA:184,0
DA:185,0
DA:189,0
DA:191,0
DA:192,0
DA:193,0
DA:195,0
DA:196,0
DA:197,0
DA:205,0
DA:206,0
DA:210,0
DA:212,0
DA:217,0
DA:220,0
DA:221,0
DA:227,0
DA:228,0
DA:229,0
DA:230,0
DA:231,0
DA:234,0
DA:236,0
DA:237,0
DA:238,0
DA:239,0
DA:242,0
DA:243,0
DA:244,0
DA:248,0
DA:258,0
DA:260,0
DA:261,0
DA:262,0
DA:263,0
DA:265,0
DA:266,0
DA:267,0
DA:269,0
DA:270,0
DA:271,0
DA:272,0
DA:273,0
DA:274,0
DA:279,0
DA:280,0
DA:281,0
DA:282,0
DA:283,0
DA:286,0
DA:287,0
DA:292,0
DA:293,0
DA:299,0
DA:300,0
DA:301,0
DA:302,0
DA:303,0
DA:308,0
DA:309,0
DA:311,0
DA:316,0
DA:318,0
DA:319,0
DA:320,0
DA:321,0
DA:326,0
DA:327,0
DA:328,0
DA:329,0
DA:330,0
DA:331,0
DA:332,0
DA:336,0
DA:338,0
DA:342,0
DA:343,0
DA:344,0
DA:345,0
DA:346,0
DA:347,0
DA:348,0
DA:349,0
DA:350,0
DA:351,0
DA:352,0
DA:354,0
DA:361,0
DA:362,0
DA:363,0
DA:365,0
DA:366,0
DA:370,0
DA:372,0
DA:373,0
DA:377,0
DA:379,0
DA:380,0
DA:381,0
DA:382,0
DA:387,0
DA:389,0
DA:392,0
DA:393,0
DA:394,0
DA:397,0
DA:398,0
DA:399,0
DA:400,0
DA:401,0
DA:402,0
DA:405,0
DA:407,0
DA:431,0
DA:432,0
LF:193
LH:14
BRDA:83,0,0,0
BRDA:83,0,1,0
BRDA:91,1,0,0
BRDA:91,1,1,0
BRDA:96,2,0,0
BRDA:96,2,1,0
BRDA:100,3,0,0
BRDA:100,3,1,0
BRDA:104,4,0,0
BRDA:104,4,1,0
BRDA:109,5,0,0
BRDA:109,5,1,0
BRDA:130,6,0,0
BRDA:130,6,1,0
BRDA:134,7,0,0
BRDA:134,7,1,0
BRDA:147,8,0,0
BRDA:147,8,1,0
BRDA:152,9,0,0
BRDA:152,9,1,0
BRDA:161,10,0,0
BRDA:161,10,1,0
BRDA:165,11,0,0
BRDA:165,11,1,0
BRDA:176,12,0,0
BRDA:176,12,1,0
BRDA:184,13,0,0
BRDA:184,13,1,0
BRDA:184,14,0,0
BRDA:184,14,1,0
BRDA:191,15,0,0
BRDA:191,15,1,0
BRDA:208,16,0,0
BRDA:208,16,1,0
BRDA:213,17,0,0
BRDA:213,17,1,0
BRDA:227,18,0,0
BRDA:227,18,1,0
BRDA:229,19,0,0
BRDA:229,19,1,0
BRDA:229,20,0,0
BRDA:229,20,1,0
BRDA:237,21,0,0
BRDA:237,21,1,0
BRDA:238,22,0,0
BRDA:238,22,1,0
BRDA:243,23,0,0
BRDA:243,23,1,0
BRDA:260,24,0,0
BRDA:260,24,1,0
BRDA:260,25,0,0
BRDA:260,25,1,0
BRDA:266,26,0,0
BRDA:266,26,1,0
BRDA:280,27,0,0
BRDA:280,27,1,0
BRDA:281,28,0,0
BRDA:281,28,1,0
BRDA:300,29,0,0
BRDA:300,29,1,0
BRDA:301,30,0,0
BRDA:301,30,1,0
BRDA:308,31,0,0
BRDA:308,31,1,0
BRDA:311,32,0,0
BRDA:311,32,1,0
BRDA:330,33,0,0
BRDA:330,33,1,0
BRDA:331,34,0,0
BRDA:331,34,1,0
BRDA:331,35,0,0
BRDA:331,35,1,0
BRDA:355,36,0,0
BRDA:355,36,1,0
BRDA:363,37,0,0
BRDA:363,37,1,0
BRDA:365,38,0,0
BRDA:365,38,1,0
BRDA:372,39,0,0
BRDA:372,39,1,0
BRDA:389,40,0,0
BRDA:389,40,1,0
BRDA:398,41,0,0
BRDA:398,41,1,0
BRDA:400,42,0,0
BRDA:400,42,1,0
BRDA:405,43,0,0
BRDA:405,43,1,0
BRDA:405,43,2,0
BRF:89
BRH:0
end_of_record
TN:
SF:src/components/Modal.tsx
FN:35,(anonymous_10)
FN:56,(anonymous_11)
FN:64,(anonymous_12)
FN:76,(anonymous_13)
FN:90,(anonymous_14)
FN:97,(anonymous_15)
FN:143,(anonymous_16)
FNF:7
FNH:0
FNDA:0,(anonymous_10)
FNDA:0,(anonymous_11)
FNDA:0,(anonymous_12)
FNDA:0,(anonymous_13)
FNDA:0,(anonymous_14)
FNDA:0,(anonymous_15)
FNDA:0,(anonymous_16)
DA:1,1
DA:2,1
DA:3,1
DA:4,1
DA:20,1
DA:21,1
DA:23,1
DA:29,1
DA:35,1
DA:48,0
DA:49,0
DA:51,0
DA:55,0
DA:57,0
DA:58,0
DA:64,0
DA:65,0
DA:66,0
DA:67,0
DA:68,0
DA:70,0
DA:73,0
DA:74,0
DA:75,0
DA:76,0
DA:77,0
DA:78,0
DA:79,0
DA:80,0
DA:81,0
DA:83,0
DA:84,0
DA:85,0
DA:89,0
DA:90,0
DA:91,0
DA:92,0
DA:93,0
DA:97,0
DA:98,0
DA:99,0
DA:103,0
DA:108,0
DA:116,0
DA:117,0
DA:123,0
DA:124,0
DA:143,0
DA:186,1
LF:49
LH:10
BRDA:39,0,0,0
BRDA:40,1,0,0
BRDA:43,2,0,0
BRDA:44,3,0,0
BRDA:45,4,0,0
BRDA:46,5,0,0
BRDA:51,6,0,0
BRDA:51,6,1,0
BRDA:57,7,0,0
BRDA:57,7,1,0
BRDA:65,8,0,0
BRDA:65,8,1,0
BRDA:73,9,0,0
BRDA:73,9,1,0
BRDA:73,10,0,0
BRDA:73,10,1,0
BRDA:77,11,0,0
BRDA:77,11,1,0
BRDA:78,12,0,0
BRDA:78,12,1,0
BRDA:79,13,0,0
BRDA:79,13,1,0
BRDA:83,14,0,0
BRDA:83,14,1,0
BRDA:99,15,0,0
BRDA:99,15,1,0
BRDA:100,16,0,0
BRDA:100,16,1,0
BRDA:116,17,0,0
BRDA:116,17,1,0
BRDA:123,18,0,0
BRDA:123,18,1,0
BRDA:126,19,0,0
BRDA:126,19,1,0
BRDA:132,20,0,0
BRDA:132,20,1,0
BRDA:174,21,0,0
BRDA:174,21,1,0
BRF:38
BRH:0
end_of_record
TN:
SF:src/components/icons.tsx
FN:41,(anonymous_1)
FN:42,(anonymous_2)
FN:43,(anonymous_3)
FN:44,(anonymous_4)
FN:45,(anonymous_5)
FN:46,(anonymous_6)
FN:47,(anonymous_7)
FN:48,(anonymous_8)
FN:49,(anonymous_9)
FN:50,(anonymous_10)
FN:51,(anonymous_11)
FN:52,(anonymous_12)
FN:53,(anonymous_13)
FN:54,(anonymous_14)
FN:55,(anonymous_15)
FN:56,(anonymous_16)
FN:57,(anonymous_17)
FN:58,(anonymous_18)
FN:59,(anonymous_19)
FN:60,(anonymous_20)
FN:61,(anonymous_21)
FN:62,(anonymous_22)
FN:63,(anonymous_23)
FN:64,(anonymous_24)
FN:65,(anonymous_25)
FN:66,(anonymous_26)
FN:67,(anonymous_27)
FN:68,(anonymous_28)
FN:35,(anonymous_29)
FNF:29
FNH:1
FNDA:0,(anonymous_1)
FNDA:0,(anonymous_2)
FNDA:0,(anonymous_3)
FNDA:0,(anonymous_4)
FNDA:0,(anonymous_5)
FNDA:0,(anonymous_6)
FNDA:0,(anonymous_7)
FNDA:0,(anonymous_8)
FNDA:0,(anonymous_9)
FNDA:0,(anonymous_10)
FNDA:0,(anonymous_11)
FNDA:0,(anonymous_12)
FNDA:0,(anonymous_13)
FNDA:0,(anonymous_14)
FNDA:0,(anonymous_15)
FNDA:0,(anonymous_16)
FNDA:0,(anonymous_17)
FNDA:0,(anonymous_18)
FNDA:0,(anonymous_19)
FNDA:0,(anonymous_20)
FNDA:2,(anonymous_21)
FNDA:0,(anonymous_22)
FNDA:0,(anonymous_23)
FNDA:0,(anonymous_24)
FNDA:0,(anonymous_25)
FNDA:0,(anonymous_26)
FNDA:0,(anonymous_27)
FNDA:0,(anonymous_28)
FNDA:0,(anonymous_29)
DA:1,2
DA:2,2
DA:3,2
DA:35,2
DA:38,0
DA:41,2
DA:42,2
DA:43,2
DA:44,2
DA:45,2
DA:46,2
DA:47,2
DA:48,2
DA:49,2
DA:50,2
DA:51,2
DA:52,2
DA:53,2
DA:54,2
DA:55,2
DA:56,2
DA:57,2
DA:58,2
DA:59,2
DA:60,2
DA:61,4
DA:62,2
DA:63,2
DA:64,2
DA:65,2
DA:66,2
DA:67,2
DA:68,2
LF:33
LH:32
BRDA:38,0,0,0
BRDA:38,0,1,0
BRF:2
BRH:0
end_of_record
TN:
SF:src/hooks/useTheme.ts
FN:11,(anonymous_0)
FN:16,(anonymous_1)
FN:19,(anonymous_2)
FN:25,(anonymous_3)
FNF:4
FNH:1
FNDA:20,(anonymous_0)
FNDA:0,(anonymous_1)
FNDA:0,(anonymous_2)
FNDA:0,(anonymous_3)
DA:1,1
DA:2,1
DA:11,1
DA:12,20
DA:16,20
DA:17,0
DA:18,0
DA:19,0
DA:20,0
DA:21,0
DA:25,20
DA:26,0
DA:29,20
LF:13
LH:7
BRF:0
BRH:0
end_of_record
TN:
SF:src/hooks/useUndoRedo.tsx
FN:18,useUndoRedo
FN:23,(anonymous_1)
FN:29,(anonymous_2)
FN:36,(anonymous_3)
FN:53,UndoRedoProvider
FN:64,useUndoRedoContext
FNF:6
FNH:1
FNDA:0,useUndoRedo
FNDA:0,(anonymous_1)
FNDA:0,(anonymous_2)
FNDA:0,(anonymous_3)
FNDA:0,UndoRedoProvider
FNDA:20,useUndoRedoContext
DA:1,1
DA:18,1
DA:19,0
DA:20,0
DA:21,0
DA:23,0
DA:24,0
DA:25,0
DA:26,0
DA:29,0
DA:30,0
DA:31,0
DA:32,0
DA:36,0
DA:37,0
DA:38,0
DA:39,0
DA:43,0
DA:51,1
DA:53,1
DA:60,0
DA:61,0
DA:64,1
DA:65,20
DA:66,20
DA:67,0
LF:26
LH:7
BRDA:30,0,0,0
BRDA:30,0,1,0
BRDA:37,1,0,0
BRDA:37,1,1,0
BRDA:66,2,0,20
BRDA:66,2,1,0
BRF:6
BRH:1
end_of_record
TN:
SF:src/services/aiService.ts
FN:19,(anonymous_0)
FN:24,delay
FN:25,(anonymous_2)
FN:28,withRetries
FN:57,(anonymous_4)
FN:64,(anonymous_5)
FN:85,(anonymous_6)
FN:95,(anonymous_7)
FN:123,(anonymous_8)
FN:129,(anonymous_9)
FNF:10
FNH:0
FNDA:0,(anonymous_0)
FNDA:0,delay
FNDA:0,(anonymous_2)
FNDA:0,withRetries
FNDA:0,(anonymous_4)
FNDA:0,(anonymous_5)
FNDA:0,(anonymous_6)
FNDA:0,(anonymous_7)
FNDA:0,(anonymous_8)
FNDA:0,(anonymous_9)
DA:1,2
DA:2,2
DA:6,2
DA:7,2
DA:8,2
DA:9,2
DA:10,0
DA:12,2
DA:15,0
DA:16,0
DA:19,2
DA:21,2
DA:22,2
DA:25,0
DA:28,2
DA:32,0
DA:33,0
DA:34,0
DA:35,0
DA:36,0
DA:38,0
DA:39,0
DA:42,0
DA:43,0
DA:46,0
DA:48,0
DA:49,0
DA:52,0
DA:57,2
DA:62,0
DA:63,0
DA:64,0
DA:65,0
DA:69,0
DA:70,0
DA:72,0
DA:73,0
DA:74,0
DA:85,2
DA:86,0
DA:87,0
DA:95,0
DA:96,0
DA:101,0
DA:102,0
DA:103,0
DA:104,0
DA:105,0
DA:106,0
DA:107,0
DA:108,0
DA:114,0
DA:116,0
DA:118,0
DA:119,0
DA:123,2
DA:126,0
DA:127,0
DA:128,0
DA:129,0
DA:130,0
DA:131,0
DA:132,0
LF:63
LH:14
BRDA:9,0,0,0
BRDA:9,0,1,2
BRDA:30,1,0,0
BRDA:40,2,0,0
BRDA:40,2,1,0
BRDA:42,3,0,0
BRDA:42,3,1,0
BRDA:44,4,0,0
BRDA:44,4,1,0
BRDA:62,5,0,0
BRDA:62,5,1,0
BRDA:72,6,0,0
BRDA:72,6,1,0
BRDA:86,7,0,0
BRDA:86,7,1,0
BRDA:102,8,0,0
BRDA:102,8,1,0
BRDA:105,9,0,0
BRDA:105,9,1,0
BRDA:105,10,0,0
BRDA:105,10,1,0
BRDA:108,11,0,0
BRDA:108,11,1,0
BRDA:109,12,0,0
BRDA:109,12,1,0
BRDA:109,12,2,0
BRDA:109,12,3,0
BRDA:119,13,0,0
BRDA:119,13,1,0
BRDA:126,14,0,0
BRDA:126,14,1,0
BRDA:132,15,0,0
BRDA:132,15,1,0
BRF:33
BRH:1
end_of_record
TN:
SF:src/services/fileService.ts
FN:5,(anonymous_1)
FN:22,(anonymous_2)
FN:32,(anonymous_3)
FN:44,(anonymous_4)
FN:51,(anonymous_5)
FN:61,(anonymous_6)
FN:98,(anonymous_7)
FN:154,(anonymous_8)
FN:171,(anonymous_9)
FN:172,(anonymous_10)
FN:174,(anonymous_11)
FN:175,(anonymous_12)
FN:186,(anonymous_13)
FN:187,(anonymous_14)
FN:189,(anonymous_15)
FN:190,(anonymous_16)
FN:203,saveFile
FNF:17
FNH:16
FNDA:4,(anonymous_1)
FNDA:8,(anonymous_2)
FNDA:25,(anonymous_3)
FNDA:36,(anonymous_4)
FNDA:5,(anonymous_5)
FNDA:4,(anonymous_6)
FNDA:3,(anonymous_7)
FNDA:3,(anonymous_8)
FNDA:3,(anonymous_9)
FNDA:3,(anonymous_10)
FNDA:2,(anonymous_11)
FNDA:1,(anonymous_12)
FNDA:2,(anonymous_13)
FNDA:2,(anonymous_14)
FNDA:2,(anonymous_15)
FNDA:0,(anonymous_16)
FNDA:1,saveFile
DA:1,2
DA:5,2
DA:6,4
DA:7,4
DA:8,0
DA:9,0
DA:10,0
DA:12,0
DA:13,0
DA:15,4
DA:16,4
DA:22,2
DA:23,8
DA:24,8
DA:25,8
DA:26,8
DA:27,8
DA:28,8
DA:30,8
DA:31,5
DA:32,5
DA:33,25
DA:35,5
DA:37,20
DA:41,8
DA:44,2
DA:46,36
DA:51,2
DA:52,5
DA:53,5
DA:54,5
DA:55,5
DA:56,5
DA:57,5
DA:58,5
DA:61,2
DA:62,4
DA:63,4
DA:64,4
DA:65,4
DA:66,4
DA:68,4
DA:69,2
DA:70,2
DA:71,2
DA:72,2
DA:74,2
DA:75,2
DA:76,0
DA:79,0
DA:80,0
DA:87,2
DA:88,2
DA:91,2
DA:92,2
DA:98,2
DA:99,3
DA:100,3
DA:101,3
DA:102,3
DA:104,3
DA:105,0
DA:108,3
DA:109,2
DA:110,2
DA:111,2
DA:113,2
DA:114,2
DA:115,0
DA:118,0
DA:119,0
DA:122,2
DA:124,2
DA:125,2
DA:126,2
DA:127,2
DA:128,2
DA:129,0
DA:132,0
DA:139,1
DA:140,1
DA:141,1
DA:147,2
DA:148,2
DA:154,2
DA:155,3
DA:156,3
DA:157,3
DA:158,3
DA:159,3
DA:160,3
DA:161,3
DA:162,3
DA:163,3
DA:165,0
DA:171,2
DA:172,3
DA:173,3
DA:174,3
DA:175,3
DA:176,1
DA:177,1
DA:183,3
DA:186,2
DA:187,2
DA:188,2
DA:189,2
DA:190,2
DA:191,0
DA:192,0
DA:198,2
DA:203,2
DA:204,1
DA:205,1
DA:206,1
DA:207,1
DA:208,1
DA:209,1
LF:118
LH:101
BRDA:5,0,0,0
BRDA:7,1,0,4
BRDA:7,1,1,4
BRDA:17,2,0,4
BRDA:17,2,1,0
BRDA:24,3,0,8
BRDA:24,3,1,1
BRDA:25,4,0,8
BRDA:25,4,1,1
BRDA:26,5,0,8
BRDA:26,5,1,1
BRDA:27,6,0,8
BRDA:27,6,1,1
BRDA:28,7,0,8
BRDA:28,7,1,1
BRDA:30,8,0,5
BRDA:30,8,1,3
BRDA:33,9,0,5
BRDA:33,9,1,20
BRDA:64,10,0,4
BRDA:64,10,1,0
BRDA:68,11,0,2
BRDA:68,11,1,2
BRDA:72,12,0,0
BRDA:72,12,1,2
BRDA:93,13,0,2
BRDA:93,13,1,0
BRDA:101,14,0,3
BRDA:101,14,1,0
BRDA:104,15,0,0
BRDA:104,15,1,3
BRDA:109,16,0,2
BRDA:109,16,1,0
BRDA:114,17,0,0
BRDA:114,17,1,2
BRDA:124,18,0,2
BRDA:124,18,1,0
BRDA:126,19,0,2
BRDA:126,19,1,0
BRDA:149,20,0,2
BRDA:149,20,1,0
BRDA:159,21,0,3
BRDA:159,21,1,0
BRDA:179,22,0,1
BRDA:179,22,1,0
BRDA:194,23,0,0
BRDA:194,23,1,0
BRF:47
BRH:31
end_of_record
TN:
SF:src/services/localStorageService.ts
FN:31,(anonymous_9)
FN:34,(anonymous_10)
FN:42,(anonymous_11)
FN:46,(anonymous_12)
FN:63,(anonymous_13)
FN:64,(anonymous_14)
FN:66,(anonymous_15)
FN:67,(anonymous_16)
FN:71,(anonymous_17)
FN:72,(anonymous_18)
FN:76,(anonymous_19)
FN:78,(anonymous_20)
FN:88,(anonymous_21)
FN:96,(anonymous_22)
FN:99,(anonymous_23)
FN:104,(anonymous_24)
FN:107,(anonymous_25)
FN:113,(anonymous_26)
FN:126,(anonymous_27)
FN:132,(anonymous_28)
FN:140,(anonymous_29)
FN:142,(anonymous_30)
FN:148,(anonymous_31)
FN:150,(anonymous_32)
FN:178,(anonymous_33)
FN:180,(anonymous_34)
FN:181,(anonymous_35)
FN:198,getDefaultBlueprintLogo
FN:203,getItem
FN:208,setItem
FN:212,removeItem
FNF:31
FNH:1
FNDA:0,(anonymous_9)
FNDA:0,(anonymous_10)
FNDA:0,(anonymous_11)
FNDA:0,(anonymous_12)
FNDA:0,(anonymous_13)
FNDA:0,(anonymous_14)
FNDA:0,(anonymous_15)
FNDA:0,(anonymous_16)
FNDA:0,(anonymous_17)
FNDA:0,(anonymous_18)
FNDA:0,(anonymous_19)
FNDA:0,(anonymous_20)
FNDA:0,(anonymous_21)
FNDA:0,(anonymous_22)
FNDA:0,(anonymous_23)
FNDA:0,(anonymous_24)
FNDA:0,(anonymous_25)
FNDA:0,(anonymous_26)
FNDA:0,(anonymous_27)
FNDA:0,(anonymous_28)
FNDA:0,(anonymous_29)
FNDA:0,(anonymous_30)
FNDA:0,(anonymous_31)
FNDA:0,(anonymous_32)
FNDA:0,(anonymous_33)
FNDA:0,(anonymous_34)
FNDA:0,(anonymous_35)
FNDA:2,getDefaultBlueprintLogo
FNDA:0,getItem
FNDA:0,setItem
FNDA:0,removeItem
DA:2,2
DA:3,2
DA:6,2
DA:7,2
DA:8,2
DA:9,2
DA:12,2
DA:13,2
DA:14,2
DA:15,2
DA:16,2
DA:17,2
DA:18,2
DA:19,2
DA:20,2
DA:21,2
DA:22,2
DA:23,2
DA:24,2
DA:25,2
DA:26,2
DA:29,2
DA:31,2
DA:32,0
DA:33,0
DA:34,0
DA:35,0
DA:36,0
DA:37,0
DA:39,0
DA:42,2
DA:43,0
DA:46,2
DA:47,0
DA:48,0
DA:49,0
DA:58,0
DA:59,0
DA:60,0
DA:63,2
DA:64,0
DA:66,2
DA:67,0
DA:68,0
DA:71,2
DA:72,0
DA:73,0
DA:76,2
DA:77,0
DA:78,0
DA:79,0
DA:80,0
DA:81,0
DA:82,0
DA:84,0
DA:88,2
DA:89,0
DA:90,0
DA:91,0
DA:92,0
DA:96,2
DA:97,0
DA:98,0
DA:99,0
DA:100,0
DA:104,2
DA:105,0
DA:106,0
DA:107,0
DA:108,0
DA:113,2
DA:117,0
DA:118,0
DA:119,0
DA:120,0
DA:121,0
DA:123,0
DA:126,2
DA:130,0
DA:131,0
DA:132,0
DA:133,0
DA:134,0
DA:136,0
DA:140,2
DA:142,2
DA:145,0
DA:146,0
DA:147,0
DA:148,0
DA:149,0
DA:150,0
DA:151,0
DA:152,0
DA:153,0
DA:156,0
DA:157,0
DA:158,0
DA:164,0
DA:165,0
DA:166,0
DA:171,2
DA:178,2
DA:179,0
DA:180,0
DA:181,0
DA:183,0
DA:184,0
DA:193,0
DA:194,0
DA:199,2
DA:203,2
DA:204,0
DA:205,0
DA:208,2
DA:209,0
DA:212,2
DA:213,0
LF:118
LH:42
BRDA:33,0,0,0
BRDA:33,0,1,0
BRDA:35,1,0,0
BRDA:35,1,1,0
BRDA:35,2,0,0
BRDA:35,2,1,0
BRDA:36,3,0,0
BRDA:36,3,1,0
BRDA:36,4,0,0
BRDA:36,4,1,0
BRDA:67,5,0,0
BRDA:67,5,1,0
BRDA:79,6,0,0
BRDA:79,6,1,0
BRDA:90,7,0,0
BRDA:90,7,1,0
BRDA:98,8,0,0
BRDA:98,8,1,0
BRDA:99,9,0,0
BRDA:99,9,1,0
BRDA:106,10,0,0
BRDA:106,10,1,0
BRDA:118,11,0,0
BRDA:118,11,1,0
BRDA:119,12,0,0
BRDA:119,12,1,0
BRDA:131,13,0,0
BRDA:131,13,1,0
BRDA:132,14,0,0
BRDA:132,14,1,0
BRDA:147,15,0,0
BRDA:147,15,1,0
BRDA:151,16,0,0
BRDA:151,16,1,0
BRDA:151,17,0,0
BRDA:151,17,1,0
BRDA:164,18,0,0
BRDA:164,18,1,0
BRDA:180,19,0,0
BRDA:180,19,1,0
BRDA:181,20,0,0
BRDA:181,20,1,0
BRDA:205,21,0,0
BRDA:205,21,1,0
BRF:44
BRH:0
end_of_record
TN:
SF:src/services/metadataService.ts
FN:6,(anonymous_0)
FN:20,(anonymous_1)
FN:36,getMetadata
FNF:3
FNH:3
FNDA:12,(anonymous_0)
FNDA:7,(anonymous_1)
FNDA:1,getMetadata
DA:3,1
DA:6,1
DA:7,12
DA:8,12
DA:9,11
DA:10,1
DA:12,10
DA:15,9
DA:17,9
DA:18,7
DA:19,7
DA:20,7
DA:22,7
DA:25,2
DA:27,10
DA:28,10
DA:29,10
DA:31,0
DA:36,1
DA:37,1
LF:20
LH:19
BRDA:9,0,0,1
BRDA:9,0,1,10
BRDA:17,1,0,7
BRDA:17,1,1,2
BRDA:20,2,0,7
BRDA:20,2,1,0
BRDA:28,3,0,10
BRDA:28,3,1,0
BRF:8
BRH:6
end_of_record
TN:
SF:src/services/settingsService.ts
FN:14,(anonymous_0)
FN:15,(anonymous_1)
FN:19,(anonymous_2)
FN:21,(anonymous_3)
FN:26,(anonymous_4)
FN:27,(anonymous_5)
FN:35,(anonymous_6)
FN:39,(anonymous_7)
FN:44,(anonymous_8)
FN:46,(anonymous_9)
FN:53,(anonymous_10)
FN:54,(anonymous_11)
FN:61,(anonymous_12)
FN:63,(anonymous_13)
FN:68,(anonymous_14)
FN:77,getRGBComponents
FN:82,(anonymous_16)
FNF:17
FNH:0
FNDA:0,(anonymous_0)
FNDA:0,(anonymous_1)
FNDA:0,(anonymous_2)
FNDA:0,(anonymous_3)
FNDA:0,(anonymous_4)
FNDA:0,(anonymous_5)
FNDA:0,(anonymous_6)
FNDA:0,(anonymous_7)
FNDA:0,(anonymous_8)
FNDA:0,(anonymous_9)
FNDA:0,(anonymous_10)
FNDA:0,(anonymous_11)
FNDA:0,(anonymous_12)
FNDA:0,(anonymous_13)
FNDA:0,(anonymous_14)
FNDA:0,getRGBComponents
FNDA:0,(anonymous_16)
DA:3,2
DA:4,2
DA:7,2
DA:8,2
DA:9,2
DA:10,2
DA:11,2
DA:14,2
DA:15,2
DA:16,0
DA:19,2
DA:20,0
DA:21,2
DA:22,0
DA:26,2
DA:27,2
DA:28,0
DA:29,0
DA:30,0
DA:31,0
DA:32,0
DA:35,2
DA:36,0
DA:37,0
DA:39,2
DA:40,0
DA:41,0
DA:44,2
DA:45,0
DA:46,2
DA:47,0
DA:48,0
DA:49,0
DA:50,0
DA:53,2
DA:54,2
DA:55,0
DA:56,0
DA:57,0
DA:58,0
DA:61,2
DA:62,0
DA:63,2
DA:64,0
DA:65,0
DA:68,2
DA:69,0
DA:70,0
DA:71,0
DA:72,0
DA:73,0
DA:78,0
DA:79,0
DA:80,0
DA:82,0
DA:85,0
DA:86,0
DA:87,0
DA:88,0
DA:89,0
LF:60
LH:22
BRDA:26,0,0,0
BRDA:26,0,1,0
BRDA:37,1,0,0
BRDA:37,1,1,0
BRDA:49,2,0,0
BRDA:49,2,1,0
BRDA:57,3,0,0
BRDA:57,3,1,0
BRDA:62,4,0,0
BRDA:62,4,1,0
BRDA:78,5,0,0
BRDA:78,5,1,0
BRDA:79,6,0,0
BRDA:79,6,1,0
BRDA:85,7,0,0
BRDA:85,7,1,0
BRF:16
BRH:0
end_of_record
TN:
SF:src/styles/theme.ts
FNF:0
FNH:0
DA:1,1
LF:1
LH:1
BRF:0
BRH:0
end_of_record
TN:
SF:src/types/Metadata.ts
FNF:0
FNH:0
DA:3,1
DA:6,1
LF:2
LH:2
BRF:0
BRH:0
end_of_record
TN:
SF:src/utils/env.ts
FNF:0
FNH:0
DA:2,2
DA:4,2
DA:8,2
DA:10,2
DA:12,2
LF:5
LH:5
BRDA:10,0,0,2
BRDA:10,0,1,2
BRDA:12,1,0,2
BRDA:12,1,1,0
BRF:4
BRH:3
end_of_record
